TN:verilator_coverage
SF:/home/akhilkushe/Desktop/Projects/CPU_scratch/verif/coco_tb/basic_test/../../../hdl/ID.v
DA:6,16
BRDA:6,0,0,1
BRDA:6,0,1,0
BRDA:6,0,2,10
BRDA:6,0,3,10
BRDA:6,0,4,15
BRDA:6,0,5,15
BRDA:6,0,6,13
BRDA:6,0,7,13
BRDA:6,0,8,14
BRDA:6,0,9,13
BRDA:6,0,10,16
BRDA:6,0,11,16
BRDA:6,0,12,14
BRDA:6,0,13,13
BRDA:6,0,14,12
BRDA:6,0,15,11
BRDA:6,0,16,15
BRDA:6,0,17,14
BRDA:6,0,18,11
BRDA:6,0,19,11
BRDA:6,0,20,12
BRDA:6,0,21,12
BRDA:6,0,22,1
BRDA:6,0,23,0
BRDA:6,0,24,15
BRDA:6,0,25,15
BRDA:6,0,26,10
BRDA:6,0,27,9
BRDA:6,0,28,12
BRDA:6,0,29,11
BRDA:6,0,30,9
BRDA:6,0,31,8
BRDA:6,0,32,13
BRDA:6,0,33,13
BRDA:6,0,34,9
BRDA:6,0,35,9
BRDA:6,0,36,6
BRDA:6,0,37,6
BRDA:6,0,38,7
BRDA:6,0,39,7
BRDA:6,0,40,5
BRDA:6,0,41,5
BRDA:6,0,42,7
BRDA:6,0,43,7
BRDA:6,0,44,0
BRDA:6,0,45,0
BRDA:6,0,46,14
BRDA:6,0,47,14
BRDA:6,0,48,6
BRDA:6,0,49,6
BRDA:6,0,50,0
BRDA:6,0,51,0
BRDA:6,0,52,1
BRDA:6,0,53,0
BRDA:6,0,54,12
BRDA:6,0,55,11
BRDA:6,0,56,0
BRDA:6,0,57,0
BRDA:6,0,58,11
BRDA:6,0,59,11
BRDA:6,0,60,13
BRDA:6,0,61,13
BRDA:6,0,62,9
BRDA:6,0,63,9
DA:7,2
BRDA:7,0,0,2
BRDA:7,0,1,1
DA:8,15
BRDA:8,0,0,14
BRDA:8,0,1,13
BRDA:8,0,2,12
BRDA:8,0,3,11
BRDA:8,0,4,15
BRDA:8,0,5,14
BRDA:8,0,6,11
BRDA:8,0,7,11
BRDA:8,0,8,12
BRDA:8,0,9,12
DA:9,15
BRDA:9,0,0,15
BRDA:9,0,1,15
BRDA:9,0,2,10
BRDA:9,0,3,9
BRDA:9,0,4,12
BRDA:9,0,5,11
BRDA:9,0,6,9
BRDA:9,0,7,8
BRDA:9,0,8,13
BRDA:9,0,9,13
DA:10,15
BRDA:10,0,0,11
BRDA:10,0,1,11
BRDA:10,0,2,13
BRDA:10,0,3,13
BRDA:10,0,4,9
BRDA:10,0,5,9
BRDA:10,0,6,10
BRDA:10,0,7,10
BRDA:10,0,8,15
BRDA:10,0,9,15
DA:11,16
BRDA:11,0,0,13
BRDA:11,0,1,13
BRDA:11,0,2,14
BRDA:11,0,3,13
BRDA:11,0,4,16
BRDA:11,0,5,16
DA:12,12
BRDA:12,0,0,1
BRDA:12,0,1,0
BRDA:12,0,2,1
BRDA:12,0,3,0
BRDA:12,0,4,0
BRDA:12,0,5,0
BRDA:12,0,6,0
BRDA:12,0,7,0
BRDA:12,0,8,1
BRDA:12,0,9,0
BRDA:12,0,10,12
BRDA:12,0,11,11
BRDA:12,0,12,0
BRDA:12,0,13,0
DA:13,11
BRDA:13,0,0,6
BRDA:13,0,1,6
BRDA:13,0,2,11
BRDA:13,0,3,11
BRDA:13,0,4,6
BRDA:13,0,5,6
BRDA:13,0,6,6
BRDA:13,0,7,6
BRDA:13,0,8,6
BRDA:13,0,9,6
BRDA:13,0,10,6
BRDA:13,0,11,6
BRDA:13,0,12,6
BRDA:13,0,13,6
BRDA:13,0,14,6
BRDA:13,0,15,6
BRDA:13,0,16,6
BRDA:13,0,17,6
BRDA:13,0,18,6
BRDA:13,0,19,6
BRDA:13,0,20,6
BRDA:13,0,21,6
BRDA:13,0,22,8
BRDA:13,0,23,8
BRDA:13,0,24,6
BRDA:13,0,25,6
BRDA:13,0,26,6
BRDA:13,0,27,6
BRDA:13,0,28,6
BRDA:13,0,29,6
BRDA:13,0,30,6
BRDA:13,0,31,6
BRDA:13,0,32,6
BRDA:13,0,33,6
BRDA:13,0,34,6
BRDA:13,0,35,6
BRDA:13,0,36,6
BRDA:13,0,37,6
BRDA:13,0,38,6
BRDA:13,0,39,6
BRDA:13,0,40,6
BRDA:13,0,41,6
BRDA:13,0,42,6
BRDA:13,0,43,6
BRDA:13,0,44,9
BRDA:13,0,45,9
BRDA:13,0,46,6
BRDA:13,0,47,6
BRDA:13,0,48,6
BRDA:13,0,49,6
BRDA:13,0,50,5
BRDA:13,0,51,5
BRDA:13,0,52,11
BRDA:13,0,53,11
BRDA:13,0,54,9
BRDA:13,0,55,9
BRDA:13,0,56,6
BRDA:13,0,57,6
BRDA:13,0,58,7
BRDA:13,0,59,7
BRDA:13,0,60,5
BRDA:13,0,61,5
BRDA:13,0,62,7
BRDA:13,0,63,7
DA:14,14
BRDA:14,0,0,14
BRDA:14,0,1,14
DA:16,14
BRDA:16,0,0,1
BRDA:16,0,1,0
BRDA:16,0,2,0
BRDA:16,0,3,0
BRDA:16,0,4,0
BRDA:16,0,5,0
BRDA:16,0,6,0
BRDA:16,0,7,0
BRDA:16,0,8,0
BRDA:16,0,9,0
BRDA:16,0,10,0
BRDA:16,0,11,0
BRDA:16,0,12,0
BRDA:16,0,13,0
BRDA:16,0,14,11
BRDA:16,0,15,11
BRDA:16,0,16,14
BRDA:16,0,17,14
BRDA:16,0,18,0
BRDA:16,0,19,0
BRDA:16,0,20,0
BRDA:16,0,21,0
BRDA:16,0,22,0
BRDA:16,0,23,0
BRDA:16,0,24,0
BRDA:16,0,25,0
BRDA:16,0,26,0
BRDA:16,0,27,0
BRDA:16,0,28,0
BRDA:16,0,29,0
BRDA:16,0,30,0
BRDA:16,0,31,0
DA:43,12
BRDA:43,0,0,1
BRDA:43,0,1,0
BRDA:43,0,2,1
BRDA:43,0,3,0
BRDA:43,0,4,0
BRDA:43,0,5,0
BRDA:43,0,6,0
BRDA:43,0,7,0
BRDA:43,0,8,1
BRDA:43,0,9,0
BRDA:43,0,10,12
BRDA:43,0,11,11
BRDA:43,0,12,0
BRDA:43,0,13,0
DA:44,16
BRDA:44,0,0,13
BRDA:44,0,1,13
BRDA:44,0,2,14
BRDA:44,0,3,13
BRDA:44,0,4,16
BRDA:44,0,5,16
DA:45,14
BRDA:45,0,0,1
BRDA:45,0,1,0
BRDA:45,0,2,0
BRDA:45,0,3,0
BRDA:45,0,4,0
BRDA:45,0,5,0
BRDA:45,0,6,0
BRDA:45,0,7,0
BRDA:45,0,8,0
BRDA:45,0,9,0
BRDA:45,0,10,0
BRDA:45,0,11,0
BRDA:45,0,12,0
BRDA:45,0,13,0
BRDA:45,0,14,11
BRDA:45,0,15,11
BRDA:45,0,16,14
BRDA:45,0,17,14
BRDA:45,0,18,0
BRDA:45,0,19,0
BRDA:45,0,20,0
BRDA:45,0,21,0
BRDA:45,0,22,0
BRDA:45,0,23,0
BRDA:45,0,24,0
BRDA:45,0,25,0
BRDA:45,0,26,0
BRDA:45,0,27,0
BRDA:45,0,28,0
BRDA:45,0,29,0
BRDA:45,0,30,0
BRDA:45,0,31,0
DA:46,11
BRDA:46,0,0,1
BRDA:46,0,1,0
BRDA:46,0,2,0
BRDA:46,0,3,0
BRDA:46,0,4,0
BRDA:46,0,5,0
BRDA:46,0,6,0
BRDA:46,0,7,0
BRDA:46,0,8,0
BRDA:46,0,9,0
BRDA:46,0,10,0
BRDA:46,0,11,0
BRDA:46,0,12,0
BRDA:46,0,13,0
BRDA:46,0,14,11
BRDA:46,0,15,11
BRDA:46,0,16,0
BRDA:46,0,17,0
BRDA:46,0,18,0
BRDA:46,0,19,0
BRDA:46,0,20,0
BRDA:46,0,21,0
BRDA:46,0,22,0
BRDA:46,0,23,0
BRDA:46,0,24,0
BRDA:46,0,25,0
BRDA:46,0,26,0
BRDA:46,0,27,0
BRDA:46,0,28,0
BRDA:46,0,29,0
BRDA:46,0,30,0
BRDA:46,0,31,0
DA:48,14
BRDA:48,0,0,14
BRDA:48,0,1,14
DA:50,1
DA:51,1
DA:53,1
DA:54,1
DA:65,14
BRDA:65,0,0,1
BRDA:65,0,1,0
BRDA:65,0,2,0
BRDA:65,0,3,0
BRDA:65,0,4,0
BRDA:65,0,5,0
BRDA:65,0,6,0
BRDA:65,0,7,0
BRDA:65,0,8,0
BRDA:65,0,9,0
BRDA:65,0,10,0
BRDA:65,0,11,0
BRDA:65,0,12,0
BRDA:65,0,13,0
BRDA:65,0,14,11
BRDA:65,0,15,11
BRDA:65,0,16,14
BRDA:65,0,17,14
BRDA:65,0,18,0
BRDA:65,0,19,0
BRDA:65,0,20,0
BRDA:65,0,21,0
BRDA:65,0,22,0
BRDA:65,0,23,0
BRDA:65,0,24,0
BRDA:65,0,25,0
BRDA:65,0,26,0
BRDA:65,0,27,0
BRDA:65,0,28,0
BRDA:65,0,29,0
BRDA:65,0,30,0
BRDA:65,0,31,0
DA:66,16
BRDA:66,0,0,1
BRDA:66,0,1,0
BRDA:66,0,2,10
BRDA:66,0,3,10
BRDA:66,0,4,15
BRDA:66,0,5,15
BRDA:66,0,6,13
BRDA:66,0,7,13
BRDA:66,0,8,14
BRDA:66,0,9,13
BRDA:66,0,10,16
BRDA:66,0,11,16
BRDA:66,0,12,14
BRDA:66,0,13,13
BRDA:66,0,14,12
BRDA:66,0,15,11
BRDA:66,0,16,15
BRDA:66,0,17,14
BRDA:66,0,18,11
BRDA:66,0,19,11
BRDA:66,0,20,12
BRDA:66,0,21,12
BRDA:66,0,22,1
BRDA:66,0,23,0
BRDA:66,0,24,15
BRDA:66,0,25,15
BRDA:66,0,26,10
BRDA:66,0,27,9
BRDA:66,0,28,12
BRDA:66,0,29,11
BRDA:66,0,30,9
BRDA:66,0,31,8
BRDA:66,0,32,13
BRDA:66,0,33,13
BRDA:66,0,34,9
BRDA:66,0,35,9
BRDA:66,0,36,6
BRDA:66,0,37,6
BRDA:66,0,38,7
BRDA:66,0,39,7
BRDA:66,0,40,5
BRDA:66,0,41,5
BRDA:66,0,42,7
BRDA:66,0,43,7
BRDA:66,0,44,0
BRDA:66,0,45,0
BRDA:66,0,46,14
BRDA:66,0,47,14
BRDA:66,0,48,6
BRDA:66,0,49,6
BRDA:66,0,50,0
BRDA:66,0,51,0
BRDA:66,0,52,1
BRDA:66,0,53,0
BRDA:66,0,54,12
BRDA:66,0,55,11
BRDA:66,0,56,0
BRDA:66,0,57,0
BRDA:66,0,58,11
BRDA:66,0,59,11
BRDA:66,0,60,13
BRDA:66,0,61,13
BRDA:66,0,62,9
BRDA:66,0,63,9
DA:67,2
BRDA:67,0,0,2
BRDA:67,0,1,1
DA:68,11
BRDA:68,0,0,6
BRDA:68,0,1,6
BRDA:68,0,2,11
BRDA:68,0,3,11
BRDA:68,0,4,6
BRDA:68,0,5,6
BRDA:68,0,6,6
BRDA:68,0,7,6
BRDA:68,0,8,6
BRDA:68,0,9,6
BRDA:68,0,10,6
BRDA:68,0,11,6
BRDA:68,0,12,6
BRDA:68,0,13,6
BRDA:68,0,14,6
BRDA:68,0,15,6
BRDA:68,0,16,6
BRDA:68,0,17,6
BRDA:68,0,18,6
BRDA:68,0,19,6
BRDA:68,0,20,6
BRDA:68,0,21,6
BRDA:68,0,22,8
BRDA:68,0,23,8
BRDA:68,0,24,6
BRDA:68,0,25,6
BRDA:68,0,26,6
BRDA:68,0,27,6
BRDA:68,0,28,6
BRDA:68,0,29,6
BRDA:68,0,30,6
BRDA:68,0,31,6
BRDA:68,0,32,6
BRDA:68,0,33,6
BRDA:68,0,34,6
BRDA:68,0,35,6
BRDA:68,0,36,6
BRDA:68,0,37,6
BRDA:68,0,38,6
BRDA:68,0,39,6
BRDA:68,0,40,6
BRDA:68,0,41,6
BRDA:68,0,42,6
BRDA:68,0,43,6
BRDA:68,0,44,9
BRDA:68,0,45,9
BRDA:68,0,46,6
BRDA:68,0,47,6
BRDA:68,0,48,6
BRDA:68,0,49,6
BRDA:68,0,50,5
BRDA:68,0,51,5
BRDA:68,0,52,11
BRDA:68,0,53,11
BRDA:68,0,54,9
BRDA:68,0,55,9
BRDA:68,0,56,6
BRDA:68,0,57,6
BRDA:68,0,58,7
BRDA:68,0,59,7
BRDA:68,0,60,5
BRDA:68,0,61,5
BRDA:68,0,62,7
BRDA:68,0,63,7
DA:70,303
DA:71,297
BRDA:71,0,0,6
BRDA:71,0,1,297
BRDA:71,0,2,6
BRDA:71,0,3,297
DA:72,6
DA:73,297
DA:74,138
DA:75,138
DA:76,138
BRDA:76,0,0,138
BRDA:76,0,1,108
BRDA:76,0,2,30
BRDA:76,0,3,30
BRDA:76,0,4,108
DA:77,0
DA:78,0
DA:79,0
DA:80,0
DA:81,159
BRDA:81,0,0,0
BRDA:81,0,1,159
BRDA:81,0,2,0
BRDA:81,0,3,0
DA:82,0
DA:83,159
BRDA:83,0,0,0
BRDA:83,0,1,159
DA:84,0
DA:85,159
DA:86,159
BRF:477
BRH:146
end_of_record
SF:/home/akhilkushe/Desktop/Projects/CPU_scratch/verif/coco_tb/basic_test/../../../hdl/alu.v
DA:3,5
BRDA:3,0,0,3
BRDA:3,0,1,3
BRDA:3,0,2,5
BRDA:3,0,3,5
BRDA:3,0,4,4
BRDA:3,0,5,4
BRDA:3,0,6,4
BRDA:3,0,7,4
BRDA:3,0,8,4
BRDA:3,0,9,4
BRDA:3,0,10,4
BRDA:3,0,11,4
BRDA:3,0,12,4
BRDA:3,0,13,4
BRDA:3,0,14,4
BRDA:3,0,15,4
BRDA:3,0,16,4
BRDA:3,0,17,4
BRDA:3,0,18,4
BRDA:3,0,19,4
BRDA:3,0,20,4
BRDA:3,0,21,4
BRDA:3,0,22,3
BRDA:3,0,23,3
BRDA:3,0,24,4
BRDA:3,0,25,4
BRDA:3,0,26,4
BRDA:3,0,27,4
BRDA:3,0,28,4
BRDA:3,0,29,4
BRDA:3,0,30,4
BRDA:3,0,31,4
BRDA:3,0,32,4
BRDA:3,0,33,4
BRDA:3,0,34,4
BRDA:3,0,35,4
BRDA:3,0,36,4
BRDA:3,0,37,4
BRDA:3,0,38,4
BRDA:3,0,39,4
BRDA:3,0,40,4
BRDA:3,0,41,4
BRDA:3,0,42,4
BRDA:3,0,43,4
BRDA:3,0,44,2
BRDA:3,0,45,2
BRDA:3,0,46,4
BRDA:3,0,47,4
BRDA:3,0,48,4
BRDA:3,0,49,4
BRDA:3,0,50,4
BRDA:3,0,51,4
BRDA:3,0,52,5
BRDA:3,0,53,5
BRDA:3,0,54,1
BRDA:3,0,55,1
BRDA:3,0,56,0
BRDA:3,0,57,0
BRDA:3,0,58,1
BRDA:3,0,59,1
BRDA:3,0,60,1
BRDA:3,0,61,1
BRDA:3,0,62,1
BRDA:3,0,63,1
DA:4,11
BRDA:4,0,0,6
BRDA:4,0,1,6
BRDA:4,0,2,11
BRDA:4,0,3,11
BRDA:4,0,4,7
BRDA:4,0,5,6
BRDA:4,0,6,7
BRDA:4,0,7,6
BRDA:4,0,8,7
BRDA:4,0,9,6
BRDA:4,0,10,7
BRDA:4,0,11,6
BRDA:4,0,12,7
BRDA:4,0,13,6
BRDA:4,0,14,7
BRDA:4,0,15,6
BRDA:4,0,16,7
BRDA:4,0,17,6
BRDA:4,0,18,7
BRDA:4,0,19,6
BRDA:4,0,20,7
BRDA:4,0,21,6
BRDA:4,0,22,8
BRDA:4,0,23,8
BRDA:4,0,24,7
BRDA:4,0,25,6
BRDA:4,0,26,7
BRDA:4,0,27,6
BRDA:4,0,28,7
BRDA:4,0,29,6
BRDA:4,0,30,7
BRDA:4,0,31,6
BRDA:4,0,32,7
BRDA:4,0,33,6
BRDA:4,0,34,7
BRDA:4,0,35,6
BRDA:4,0,36,7
BRDA:4,0,37,6
BRDA:4,0,38,7
BRDA:4,0,39,6
BRDA:4,0,40,7
BRDA:4,0,41,6
BRDA:4,0,42,7
BRDA:4,0,43,6
BRDA:4,0,44,9
BRDA:4,0,45,9
BRDA:4,0,46,7
BRDA:4,0,47,6
BRDA:4,0,48,7
BRDA:4,0,49,6
BRDA:4,0,50,5
BRDA:4,0,51,5
BRDA:4,0,52,11
BRDA:4,0,53,10
BRDA:4,0,54,9
BRDA:4,0,55,9
BRDA:4,0,56,6
BRDA:4,0,57,6
BRDA:4,0,58,8
BRDA:4,0,59,8
BRDA:4,0,60,5
BRDA:4,0,61,5
BRDA:4,0,62,8
BRDA:4,0,63,8
DA:5,16
BRDA:5,0,0,13
BRDA:5,0,1,13
BRDA:5,0,2,14
BRDA:5,0,3,13
BRDA:5,0,4,16
BRDA:5,0,5,16
DA:6,7
BRDA:6,0,0,7
BRDA:6,0,1,7
DA:7,2
BRDA:7,0,0,2
BRDA:7,0,1,1
DA:8,11
BRDA:8,0,0,11
BRDA:8,0,1,11
BRDA:8,0,2,8
BRDA:8,0,3,8
BRDA:8,0,4,4
BRDA:8,0,5,4
BRDA:8,0,6,4
BRDA:8,0,7,4
BRDA:8,0,8,4
BRDA:8,0,9,4
BRDA:8,0,10,4
BRDA:8,0,11,4
BRDA:8,0,12,4
BRDA:8,0,13,4
BRDA:8,0,14,4
BRDA:8,0,15,4
BRDA:8,0,16,4
BRDA:8,0,17,4
BRDA:8,0,18,4
BRDA:8,0,19,4
BRDA:8,0,20,4
BRDA:8,0,21,4
BRDA:8,0,22,5
BRDA:8,0,23,5
BRDA:8,0,24,4
BRDA:8,0,25,4
BRDA:8,0,26,4
BRDA:8,0,27,4
BRDA:8,0,28,4
BRDA:8,0,29,4
BRDA:8,0,30,4
BRDA:8,0,31,4
BRDA:8,0,32,4
BRDA:8,0,33,4
BRDA:8,0,34,4
BRDA:8,0,35,4
BRDA:8,0,36,4
BRDA:8,0,37,4
BRDA:8,0,38,4
BRDA:8,0,39,4
BRDA:8,0,40,4
BRDA:8,0,41,4
BRDA:8,0,42,4
BRDA:8,0,43,4
BRDA:8,0,44,5
BRDA:8,0,45,5
BRDA:8,0,46,4
BRDA:8,0,47,4
BRDA:8,0,48,4
BRDA:8,0,49,4
BRDA:8,0,50,5
BRDA:8,0,51,5
BRDA:8,0,52,5
BRDA:8,0,53,5
BRDA:8,0,54,7
BRDA:8,0,55,7
BRDA:8,0,56,3
BRDA:8,0,57,3
BRDA:8,0,58,5
BRDA:8,0,59,5
BRDA:8,0,60,3
BRDA:8,0,61,3
BRDA:8,0,62,4
BRDA:8,0,63,4
DA:9,15
BRDA:9,0,0,15
BRDA:9,0,1,14
DA:20,5
BRDA:20,0,0,5
BRDA:20,0,1,5
BRDA:20,0,2,3
BRDA:20,0,3,3
BRDA:20,0,4,4
BRDA:20,0,5,4
BRDA:20,0,6,4
BRDA:20,0,7,4
BRDA:20,0,8,4
BRDA:20,0,9,4
BRDA:20,0,10,4
BRDA:20,0,11,4
BRDA:20,0,12,4
BRDA:20,0,13,4
BRDA:20,0,14,4
BRDA:20,0,15,4
BRDA:20,0,16,4
BRDA:20,0,17,4
BRDA:20,0,18,4
BRDA:20,0,19,4
BRDA:20,0,20,4
BRDA:20,0,21,4
BRDA:20,0,22,4
BRDA:20,0,23,4
BRDA:20,0,24,4
BRDA:20,0,25,4
BRDA:20,0,26,4
BRDA:20,0,27,4
BRDA:20,0,28,4
BRDA:20,0,29,4
BRDA:20,0,30,4
BRDA:20,0,31,4
BRDA:20,0,32,4
BRDA:20,0,33,4
BRDA:20,0,34,4
BRDA:20,0,35,4
BRDA:20,0,36,4
BRDA:20,0,37,4
BRDA:20,0,38,4
BRDA:20,0,39,4
BRDA:20,0,40,4
BRDA:20,0,41,4
BRDA:20,0,42,4
BRDA:20,0,43,4
BRDA:20,0,44,4
BRDA:20,0,45,4
BRDA:20,0,46,4
BRDA:20,0,47,4
BRDA:20,0,48,4
BRDA:20,0,49,4
BRDA:20,0,50,3
BRDA:20,0,51,3
BRDA:20,0,52,4
BRDA:20,0,53,4
BRDA:20,0,54,3
BRDA:20,0,55,3
BRDA:20,0,56,3
BRDA:20,0,57,3
BRDA:20,0,58,4
BRDA:20,0,59,4
BRDA:20,0,60,4
BRDA:20,0,61,4
BRDA:20,0,62,3
BRDA:20,0,63,3
DA:21,5
BRDA:21,0,0,5
BRDA:21,0,1,5
BRDA:21,0,2,1
BRDA:21,0,3,1
BRDA:21,0,4,2
BRDA:21,0,5,2
BRDA:21,0,6,2
BRDA:21,0,7,2
BRDA:21,0,8,2
BRDA:21,0,9,2
BRDA:21,0,10,2
BRDA:21,0,11,2
BRDA:21,0,12,2
BRDA:21,0,13,2
BRDA:21,0,14,2
BRDA:21,0,15,2
BRDA:21,0,16,2
BRDA:21,0,17,2
BRDA:21,0,18,2
BRDA:21,0,19,2
BRDA:21,0,20,2
BRDA:21,0,21,2
BRDA:21,0,22,4
BRDA:21,0,23,4
BRDA:21,0,24,2
BRDA:21,0,25,2
BRDA:21,0,26,2
BRDA:21,0,27,2
BRDA:21,0,28,1
BRDA:21,0,29,1
BRDA:21,0,30,1
BRDA:21,0,31,1
BRDA:21,0,32,1
BRDA:21,0,33,1
BRDA:21,0,34,1
BRDA:21,0,35,1
BRDA:21,0,36,1
BRDA:21,0,37,1
BRDA:21,0,38,1
BRDA:21,0,39,1
BRDA:21,0,40,1
BRDA:21,0,41,1
BRDA:21,0,42,1
BRDA:21,0,43,1
BRDA:21,0,44,4
BRDA:21,0,45,4
BRDA:21,0,46,1
BRDA:21,0,47,1
BRDA:21,0,48,1
BRDA:21,0,49,1
BRDA:21,0,50,3
BRDA:21,0,51,3
BRDA:21,0,52,4
BRDA:21,0,53,4
BRDA:21,0,54,3
BRDA:21,0,55,3
BRDA:21,0,56,3
BRDA:21,0,57,3
BRDA:21,0,58,3
BRDA:21,0,59,3
BRDA:21,0,60,3
BRDA:21,0,61,3
BRDA:21,0,62,1
BRDA:21,0,63,1
DA:25,403
DA:26,395
BRDA:26,0,0,8
BRDA:26,0,1,395
BRDA:26,0,2,8
BRDA:26,0,3,395
DA:27,8
DA:28,395
DA:29,395
DA:30,331
BRDA:30,0,0,42
BRDA:30,0,1,331
BRDA:30,0,2,64
BRDA:30,0,3,24
BRDA:30,0,4,18
DA:31,8
DA:32,32
DA:33,80
DA:34,40
DA:35,331
BRDA:35,0,0,331
BRDA:35,0,1,64
BRDA:35,0,2,40
BRDA:35,0,3,58
BRDA:35,0,4,98
DA:36,47
DA:37,48
BRF:346
BRH:26
end_of_record
SF:/home/akhilkushe/Desktop/Projects/CPU_scratch/verif/coco_tb/basic_test/../../../hdl/anu_core.v
DA:3,0
BRDA:3,0,0,0
BRDA:3,0,1,0
DA:4,16
BRDA:4,0,0,1
BRDA:4,0,1,0
BRDA:4,0,2,10
BRDA:4,0,3,10
BRDA:4,0,4,15
BRDA:4,0,5,15
BRDA:4,0,6,13
BRDA:4,0,7,13
BRDA:4,0,8,14
BRDA:4,0,9,13
BRDA:4,0,10,16
BRDA:4,0,11,16
BRDA:4,0,12,14
BRDA:4,0,13,13
BRDA:4,0,14,12
BRDA:4,0,15,11
BRDA:4,0,16,15
BRDA:4,0,17,14
BRDA:4,0,18,11
BRDA:4,0,19,11
BRDA:4,0,20,12
BRDA:4,0,21,12
BRDA:4,0,22,1
BRDA:4,0,23,0
BRDA:4,0,24,15
BRDA:4,0,25,15
BRDA:4,0,26,10
BRDA:4,0,27,9
BRDA:4,0,28,12
BRDA:4,0,29,11
BRDA:4,0,30,9
BRDA:4,0,31,8
BRDA:4,0,32,13
BRDA:4,0,33,13
BRDA:4,0,34,9
BRDA:4,0,35,9
BRDA:4,0,36,6
BRDA:4,0,37,6
BRDA:4,0,38,7
BRDA:4,0,39,7
BRDA:4,0,40,5
BRDA:4,0,41,5
BRDA:4,0,42,7
BRDA:4,0,43,7
BRDA:4,0,44,0
BRDA:4,0,45,0
BRDA:4,0,46,14
BRDA:4,0,47,14
BRDA:4,0,48,6
BRDA:4,0,49,6
BRDA:4,0,50,0
BRDA:4,0,51,0
BRDA:4,0,52,1
BRDA:4,0,53,0
BRDA:4,0,54,12
BRDA:4,0,55,11
BRDA:4,0,56,0
BRDA:4,0,57,0
BRDA:4,0,58,11
BRDA:4,0,59,11
BRDA:4,0,60,13
BRDA:4,0,61,13
BRDA:4,0,62,9
BRDA:4,0,63,9
DA:5,0
BRDA:5,0,0,0
BRDA:5,0,1,0
BRDA:5,0,2,0
BRDA:5,0,3,0
BRDA:5,0,4,0
BRDA:5,0,5,0
BRDA:5,0,6,0
BRDA:5,0,7,0
BRDA:5,0,8,0
BRDA:5,0,9,0
BRDA:5,0,10,0
BRDA:5,0,11,0
BRDA:5,0,12,0
BRDA:5,0,13,0
BRDA:5,0,14,0
BRDA:5,0,15,0
BRDA:5,0,16,0
BRDA:5,0,17,0
BRDA:5,0,18,0
BRDA:5,0,19,0
BRDA:5,0,20,0
BRDA:5,0,21,0
BRDA:5,0,22,0
BRDA:5,0,23,0
BRDA:5,0,24,0
BRDA:5,0,25,0
BRDA:5,0,26,0
BRDA:5,0,27,0
BRDA:5,0,28,0
BRDA:5,0,29,0
BRDA:5,0,30,0
BRDA:5,0,31,0
BRDA:5,0,32,0
BRDA:5,0,33,0
BRDA:5,0,34,0
BRDA:5,0,35,0
BRDA:5,0,36,0
BRDA:5,0,37,0
BRDA:5,0,38,0
BRDA:5,0,39,0
BRDA:5,0,40,0
BRDA:5,0,41,0
BRDA:5,0,42,0
BRDA:5,0,43,0
BRDA:5,0,44,0
BRDA:5,0,45,0
BRDA:5,0,46,0
BRDA:5,0,47,0
BRDA:5,0,48,0
BRDA:5,0,49,0
BRDA:5,0,50,0
BRDA:5,0,51,0
BRDA:5,0,52,0
BRDA:5,0,53,0
BRDA:5,0,54,0
BRDA:5,0,55,0
BRDA:5,0,56,0
BRDA:5,0,57,0
BRDA:5,0,58,0
BRDA:5,0,59,0
BRDA:5,0,60,0
BRDA:5,0,61,0
BRDA:5,0,62,0
BRDA:5,0,63,0
DA:6,2
BRDA:6,0,0,2
BRDA:6,0,1,1
DA:7,50
BRDA:7,0,0,50
BRDA:7,0,1,49
DA:9,25
BRDA:9,0,0,0
BRDA:9,0,1,0
BRDA:9,0,2,0
BRDA:9,0,3,0
BRDA:9,0,4,0
BRDA:9,0,5,0
BRDA:9,0,6,0
BRDA:9,0,7,0
BRDA:9,0,8,0
BRDA:9,0,9,0
BRDA:9,0,10,0
BRDA:9,0,11,0
BRDA:9,0,12,0
BRDA:9,0,13,0
BRDA:9,0,14,0
BRDA:9,0,15,0
BRDA:9,0,16,0
BRDA:9,0,17,0
BRDA:9,0,18,0
BRDA:9,0,19,0
BRDA:9,0,20,0
BRDA:9,0,21,0
BRDA:9,0,22,0
BRDA:9,0,23,0
BRDA:9,0,24,0
BRDA:9,0,25,0
BRDA:9,0,26,0
BRDA:9,0,27,0
BRDA:9,0,28,0
BRDA:9,0,29,0
BRDA:9,0,30,0
BRDA:9,0,31,0
BRDA:9,0,32,0
BRDA:9,0,33,0
BRDA:9,0,34,0
BRDA:9,0,35,0
BRDA:9,0,36,0
BRDA:9,0,37,0
BRDA:9,0,38,0
BRDA:9,0,39,0
BRDA:9,0,40,0
BRDA:9,0,41,0
BRDA:9,0,42,0
BRDA:9,0,43,0
BRDA:9,0,44,25
BRDA:9,0,45,24
BRDA:9,0,46,0
BRDA:9,0,47,0
BRDA:9,0,48,0
BRDA:9,0,49,0
BRDA:9,0,50,12
BRDA:9,0,51,12
BRDA:9,0,52,6
BRDA:9,0,53,6
BRDA:9,0,54,3
BRDA:9,0,55,3
BRDA:9,0,56,2
BRDA:9,0,57,1
BRDA:9,0,58,1
BRDA:9,0,59,0
BRDA:9,0,60,0
BRDA:9,0,61,0
BRDA:9,0,62,0
BRDA:9,0,63,0
DA:10,6
BRDA:10,0,0,4
BRDA:10,0,1,4
BRDA:10,0,2,4
BRDA:10,0,3,4
BRDA:10,0,4,4
BRDA:10,0,5,3
BRDA:10,0,6,4
BRDA:10,0,7,3
BRDA:10,0,8,4
BRDA:10,0,9,3
BRDA:10,0,10,4
BRDA:10,0,11,3
BRDA:10,0,12,4
BRDA:10,0,13,3
BRDA:10,0,14,4
BRDA:10,0,15,3
BRDA:10,0,16,4
BRDA:10,0,17,3
BRDA:10,0,18,4
BRDA:10,0,19,3
BRDA:10,0,20,4
BRDA:10,0,21,3
BRDA:10,0,22,6
BRDA:10,0,23,6
BRDA:10,0,24,4
BRDA:10,0,25,3
BRDA:10,0,26,4
BRDA:10,0,27,3
BRDA:10,0,28,4
BRDA:10,0,29,3
BRDA:10,0,30,4
BRDA:10,0,31,3
BRDA:10,0,32,4
BRDA:10,0,33,3
BRDA:10,0,34,4
BRDA:10,0,35,3
BRDA:10,0,36,4
BRDA:10,0,37,3
BRDA:10,0,38,4
BRDA:10,0,39,3
BRDA:10,0,40,4
BRDA:10,0,41,3
BRDA:10,0,42,4
BRDA:10,0,43,3
BRDA:10,0,44,2
BRDA:10,0,45,2
BRDA:10,0,46,4
BRDA:10,0,47,3
BRDA:10,0,48,4
BRDA:10,0,49,3
BRDA:10,0,50,5
BRDA:10,0,51,5
BRDA:10,0,52,4
BRDA:10,0,53,3
BRDA:10,0,54,3
BRDA:10,0,55,3
BRDA:10,0,56,1
BRDA:10,0,57,1
BRDA:10,0,58,1
BRDA:10,0,59,1
BRDA:10,0,60,1
BRDA:10,0,61,1
BRDA:10,0,62,2
BRDA:10,0,63,2
DA:11,11
BRDA:11,0,0,11
BRDA:11,0,1,11
BRDA:11,0,2,8
BRDA:11,0,3,8
BRDA:11,0,4,4
BRDA:11,0,5,4
BRDA:11,0,6,4
BRDA:11,0,7,4
BRDA:11,0,8,4
BRDA:11,0,9,4
BRDA:11,0,10,4
BRDA:11,0,11,4
BRDA:11,0,12,4
BRDA:11,0,13,4
BRDA:11,0,14,4
BRDA:11,0,15,4
BRDA:11,0,16,4
BRDA:11,0,17,4
BRDA:11,0,18,4
BRDA:11,0,19,4
BRDA:11,0,20,4
BRDA:11,0,21,4
BRDA:11,0,22,5
BRDA:11,0,23,5
BRDA:11,0,24,4
BRDA:11,0,25,4
BRDA:11,0,26,4
BRDA:11,0,27,4
BRDA:11,0,28,4
BRDA:11,0,29,4
BRDA:11,0,30,4
BRDA:11,0,31,4
BRDA:11,0,32,4
BRDA:11,0,33,4
BRDA:11,0,34,4
BRDA:11,0,35,4
BRDA:11,0,36,4
BRDA:11,0,37,4
BRDA:11,0,38,4
BRDA:11,0,39,4
BRDA:11,0,40,4
BRDA:11,0,41,4
BRDA:11,0,42,4
BRDA:11,0,43,4
BRDA:11,0,44,5
BRDA:11,0,45,5
BRDA:11,0,46,4
BRDA:11,0,47,4
BRDA:11,0,48,4
BRDA:11,0,49,4
BRDA:11,0,50,5
BRDA:11,0,51,5
BRDA:11,0,52,5
BRDA:11,0,53,5
BRDA:11,0,54,7
BRDA:11,0,55,7
BRDA:11,0,56,3
BRDA:11,0,57,3
BRDA:11,0,58,5
BRDA:11,0,59,5
BRDA:11,0,60,3
BRDA:11,0,61,3
BRDA:11,0,62,4
BRDA:11,0,63,4
DA:12,0
BRDA:12,0,0,0
BRDA:12,0,1,0
BRDA:12,0,2,0
BRDA:12,0,3,0
DA:14,15
BRDA:14,0,0,14
BRDA:14,0,1,13
BRDA:14,0,2,12
BRDA:14,0,3,11
BRDA:14,0,4,15
BRDA:14,0,5,14
BRDA:14,0,6,11
BRDA:14,0,7,11
BRDA:14,0,8,12
BRDA:14,0,9,12
DA:15,15
BRDA:15,0,0,15
BRDA:15,0,1,15
BRDA:15,0,2,10
BRDA:15,0,3,9
BRDA:15,0,4,12
BRDA:15,0,5,11
BRDA:15,0,6,9
BRDA:15,0,7,8
BRDA:15,0,8,13
BRDA:15,0,9,13
DA:16,15
BRDA:16,0,0,11
BRDA:16,0,1,11
BRDA:16,0,2,13
BRDA:16,0,3,13
BRDA:16,0,4,9
BRDA:16,0,5,9
BRDA:16,0,6,10
BRDA:16,0,7,10
BRDA:16,0,8,15
BRDA:16,0,9,15
DA:17,15
BRDA:17,0,0,11
BRDA:17,0,1,11
BRDA:17,0,2,13
BRDA:17,0,3,13
BRDA:17,0,4,9
BRDA:17,0,5,9
BRDA:17,0,6,10
BRDA:17,0,7,10
BRDA:17,0,8,15
BRDA:17,0,9,14
DA:19,11
BRDA:19,0,0,6
BRDA:19,0,1,6
BRDA:19,0,2,11
BRDA:19,0,3,11
BRDA:19,0,4,6
BRDA:19,0,5,6
BRDA:19,0,6,6
BRDA:19,0,7,6
BRDA:19,0,8,6
BRDA:19,0,9,6
BRDA:19,0,10,6
BRDA:19,0,11,6
BRDA:19,0,12,6
BRDA:19,0,13,6
BRDA:19,0,14,6
BRDA:19,0,15,6
BRDA:19,0,16,6
BRDA:19,0,17,6
BRDA:19,0,18,6
BRDA:19,0,19,6
BRDA:19,0,20,6
BRDA:19,0,21,6
BRDA:19,0,22,8
BRDA:19,0,23,8
BRDA:19,0,24,6
BRDA:19,0,25,6
BRDA:19,0,26,6
BRDA:19,0,27,6
BRDA:19,0,28,6
BRDA:19,0,29,6
BRDA:19,0,30,6
BRDA:19,0,31,6
BRDA:19,0,32,6
BRDA:19,0,33,6
BRDA:19,0,34,6
BRDA:19,0,35,6
BRDA:19,0,36,6
BRDA:19,0,37,6
BRDA:19,0,38,6
BRDA:19,0,39,6
BRDA:19,0,40,6
BRDA:19,0,41,6
BRDA:19,0,42,6
BRDA:19,0,43,6
BRDA:19,0,44,9
BRDA:19,0,45,9
BRDA:19,0,46,6
BRDA:19,0,47,6
BRDA:19,0,48,6
BRDA:19,0,49,6
BRDA:19,0,50,5
BRDA:19,0,51,5
BRDA:19,0,52,11
BRDA:19,0,53,11
BRDA:19,0,54,9
BRDA:19,0,55,9
BRDA:19,0,56,6
BRDA:19,0,57,6
BRDA:19,0,58,7
BRDA:19,0,59,7
BRDA:19,0,60,5
BRDA:19,0,61,5
BRDA:19,0,62,7
BRDA:19,0,63,7
DA:20,5
BRDA:20,0,0,3
BRDA:20,0,1,3
BRDA:20,0,2,5
BRDA:20,0,3,5
BRDA:20,0,4,4
BRDA:20,0,5,4
BRDA:20,0,6,4
BRDA:20,0,7,4
BRDA:20,0,8,4
BRDA:20,0,9,4
BRDA:20,0,10,4
BRDA:20,0,11,4
BRDA:20,0,12,4
BRDA:20,0,13,4
BRDA:20,0,14,4
BRDA:20,0,15,4
BRDA:20,0,16,4
BRDA:20,0,17,4
BRDA:20,0,18,4
BRDA:20,0,19,4
BRDA:20,0,20,4
BRDA:20,0,21,4
BRDA:20,0,22,3
BRDA:20,0,23,3
BRDA:20,0,24,4
BRDA:20,0,25,4
BRDA:20,0,26,4
BRDA:20,0,27,4
BRDA:20,0,28,4
BRDA:20,0,29,4
BRDA:20,0,30,4
BRDA:20,0,31,4
BRDA:20,0,32,4
BRDA:20,0,33,4
BRDA:20,0,34,4
BRDA:20,0,35,4
BRDA:20,0,36,4
BRDA:20,0,37,4
BRDA:20,0,38,4
BRDA:20,0,39,4
BRDA:20,0,40,4
BRDA:20,0,41,4
BRDA:20,0,42,4
BRDA:20,0,43,4
BRDA:20,0,44,2
BRDA:20,0,45,2
BRDA:20,0,46,4
BRDA:20,0,47,4
BRDA:20,0,48,4
BRDA:20,0,49,4
BRDA:20,0,50,4
BRDA:20,0,51,4
BRDA:20,0,52,5
BRDA:20,0,53,5
BRDA:20,0,54,1
BRDA:20,0,55,1
BRDA:20,0,56,0
BRDA:20,0,57,0
BRDA:20,0,58,1
BRDA:20,0,59,1
BRDA:20,0,60,1
BRDA:20,0,61,1
BRDA:20,0,62,1
BRDA:20,0,63,1
DA:21,5
BRDA:21,0,0,3
BRDA:21,0,1,3
BRDA:21,0,2,5
BRDA:21,0,3,5
BRDA:21,0,4,4
BRDA:21,0,5,4
BRDA:21,0,6,4
BRDA:21,0,7,4
BRDA:21,0,8,4
BRDA:21,0,9,4
BRDA:21,0,10,4
BRDA:21,0,11,4
BRDA:21,0,12,4
BRDA:21,0,13,4
BRDA:21,0,14,4
BRDA:21,0,15,4
BRDA:21,0,16,4
BRDA:21,0,17,4
BRDA:21,0,18,4
BRDA:21,0,19,4
BRDA:21,0,20,4
BRDA:21,0,21,4
BRDA:21,0,22,3
BRDA:21,0,23,3
BRDA:21,0,24,4
BRDA:21,0,25,4
BRDA:21,0,26,4
BRDA:21,0,27,4
BRDA:21,0,28,4
BRDA:21,0,29,4
BRDA:21,0,30,4
BRDA:21,0,31,4
BRDA:21,0,32,4
BRDA:21,0,33,4
BRDA:21,0,34,4
BRDA:21,0,35,4
BRDA:21,0,36,4
BRDA:21,0,37,4
BRDA:21,0,38,4
BRDA:21,0,39,4
BRDA:21,0,40,4
BRDA:21,0,41,4
BRDA:21,0,42,4
BRDA:21,0,43,4
BRDA:21,0,44,2
BRDA:21,0,45,2
BRDA:21,0,46,4
BRDA:21,0,47,4
BRDA:21,0,48,4
BRDA:21,0,49,4
BRDA:21,0,50,4
BRDA:21,0,51,4
BRDA:21,0,52,5
BRDA:21,0,53,5
BRDA:21,0,54,1
BRDA:21,0,55,1
BRDA:21,0,56,0
BRDA:21,0,57,0
BRDA:21,0,58,1
BRDA:21,0,59,1
BRDA:21,0,60,1
BRDA:21,0,61,1
BRDA:21,0,62,1
BRDA:21,0,63,1
DA:22,11
BRDA:22,0,0,6
BRDA:22,0,1,6
BRDA:22,0,2,11
BRDA:22,0,3,11
BRDA:22,0,4,7
BRDA:22,0,5,6
BRDA:22,0,6,7
BRDA:22,0,7,6
BRDA:22,0,8,7
BRDA:22,0,9,6
BRDA:22,0,10,7
BRDA:22,0,11,6
BRDA:22,0,12,7
BRDA:22,0,13,6
BRDA:22,0,14,7
BRDA:22,0,15,6
BRDA:22,0,16,7
BRDA:22,0,17,6
BRDA:22,0,18,7
BRDA:22,0,19,6
BRDA:22,0,20,7
BRDA:22,0,21,6
BRDA:22,0,22,8
BRDA:22,0,23,8
BRDA:22,0,24,7
BRDA:22,0,25,6
BRDA:22,0,26,7
BRDA:22,0,27,6
BRDA:22,0,28,7
BRDA:22,0,29,6
BRDA:22,0,30,7
BRDA:22,0,31,6
BRDA:22,0,32,7
BRDA:22,0,33,6
BRDA:22,0,34,7
BRDA:22,0,35,6
BRDA:22,0,36,7
BRDA:22,0,37,6
BRDA:22,0,38,7
BRDA:22,0,39,6
BRDA:22,0,40,7
BRDA:22,0,41,6
BRDA:22,0,42,7
BRDA:22,0,43,6
BRDA:22,0,44,9
BRDA:22,0,45,9
BRDA:22,0,46,7
BRDA:22,0,47,6
BRDA:22,0,48,7
BRDA:22,0,49,6
BRDA:22,0,50,5
BRDA:22,0,51,5
BRDA:22,0,52,11
BRDA:22,0,53,10
BRDA:22,0,54,9
BRDA:22,0,55,9
BRDA:22,0,56,6
BRDA:22,0,57,6
BRDA:22,0,58,8
BRDA:22,0,59,8
BRDA:22,0,60,5
BRDA:22,0,61,5
BRDA:22,0,62,8
BRDA:22,0,63,8
DA:23,6
BRDA:23,0,0,4
BRDA:23,0,1,4
BRDA:23,0,2,4
BRDA:23,0,3,4
BRDA:23,0,4,4
BRDA:23,0,5,3
BRDA:23,0,6,4
BRDA:23,0,7,3
BRDA:23,0,8,4
BRDA:23,0,9,3
BRDA:23,0,10,4
BRDA:23,0,11,3
BRDA:23,0,12,4
BRDA:23,0,13,3
BRDA:23,0,14,4
BRDA:23,0,15,3
BRDA:23,0,16,4
BRDA:23,0,17,3
BRDA:23,0,18,4
BRDA:23,0,19,3
BRDA:23,0,20,4
BRDA:23,0,21,3
BRDA:23,0,22,6
BRDA:23,0,23,6
BRDA:23,0,24,4
BRDA:23,0,25,3
BRDA:23,0,26,4
BRDA:23,0,27,3
BRDA:23,0,28,4
BRDA:23,0,29,3
BRDA:23,0,30,4
BRDA:23,0,31,3
BRDA:23,0,32,4
BRDA:23,0,33,3
BRDA:23,0,34,4
BRDA:23,0,35,3
BRDA:23,0,36,4
BRDA:23,0,37,3
BRDA:23,0,38,4
BRDA:23,0,39,3
BRDA:23,0,40,4
BRDA:23,0,41,3
BRDA:23,0,42,4
BRDA:23,0,43,3
BRDA:23,0,44,2
BRDA:23,0,45,2
BRDA:23,0,46,4
BRDA:23,0,47,3
BRDA:23,0,48,4
BRDA:23,0,49,3
BRDA:23,0,50,5
BRDA:23,0,51,5
BRDA:23,0,52,4
BRDA:23,0,53,3
BRDA:23,0,54,3
BRDA:23,0,55,3
BRDA:23,0,56,1
BRDA:23,0,57,1
BRDA:23,0,58,1
BRDA:23,0,59,1
BRDA:23,0,60,1
BRDA:23,0,61,1
BRDA:23,0,62,2
BRDA:23,0,63,2
DA:25,16
BRDA:25,0,0,13
BRDA:25,0,1,13
BRDA:25,0,2,14
BRDA:25,0,3,13
BRDA:25,0,4,16
BRDA:25,0,5,16
DA:26,16
BRDA:26,0,0,13
BRDA:26,0,1,13
BRDA:26,0,2,14
BRDA:26,0,3,13
BRDA:26,0,4,16
BRDA:26,0,5,16
DA:27,14
BRDA:27,0,0,14
BRDA:27,0,1,14
DA:28,7
BRDA:28,0,0,7
BRDA:28,0,1,7
DA:29,1
BRDA:29,0,0,1
BRDA:29,0,1,0
DA:30,49
BRDA:30,0,0,49
BRDA:30,0,1,49
DA:31,0
BRDA:31,0,0,0
BRDA:31,0,1,0
DA:32,15
BRDA:32,0,0,15
BRDA:32,0,1,14
DA:34,14
BRDA:34,0,0,1
BRDA:34,0,1,0
BRDA:34,0,2,0
BRDA:34,0,3,0
BRDA:34,0,4,0
BRDA:34,0,5,0
BRDA:34,0,6,0
BRDA:34,0,7,0
BRDA:34,0,8,0
BRDA:34,0,9,0
BRDA:34,0,10,0
BRDA:34,0,11,0
BRDA:34,0,12,0
BRDA:34,0,13,0
BRDA:34,0,14,11
BRDA:34,0,15,11
BRDA:34,0,16,14
BRDA:34,0,17,14
BRDA:34,0,18,0
BRDA:34,0,19,0
BRDA:34,0,20,0
BRDA:34,0,21,0
BRDA:34,0,22,0
BRDA:34,0,23,0
BRDA:34,0,24,0
BRDA:34,0,25,0
BRDA:34,0,26,0
BRDA:34,0,27,0
BRDA:34,0,28,0
BRDA:34,0,29,0
BRDA:34,0,30,0
BRDA:34,0,31,0
DA:35,0
BRDA:35,0,0,0
BRDA:35,0,1,0
BRDA:35,0,2,0
BRDA:35,0,3,0
BRDA:35,0,4,0
BRDA:35,0,5,0
BRDA:35,0,6,0
BRDA:35,0,7,0
BRDA:35,0,8,0
BRDA:35,0,9,0
BRDA:35,0,10,0
BRDA:35,0,11,0
BRDA:35,0,12,0
BRDA:35,0,13,0
BRDA:35,0,14,0
BRDA:35,0,15,0
BRDA:35,0,16,0
BRDA:35,0,17,0
BRDA:35,0,18,0
BRDA:35,0,19,0
BRDA:35,0,20,0
BRDA:35,0,21,0
BRDA:35,0,22,0
BRDA:35,0,23,0
BRDA:35,0,24,0
BRDA:35,0,25,0
BRDA:35,0,26,0
BRDA:35,0,27,0
BRDA:35,0,28,0
BRDA:35,0,29,0
BRDA:35,0,30,0
BRDA:35,0,31,0
BRDA:35,0,32,0
BRDA:35,0,33,0
BRDA:35,0,34,0
BRDA:35,0,35,0
BRDA:35,0,36,0
BRDA:35,0,37,0
BRDA:35,0,38,0
BRDA:35,0,39,0
BRDA:35,0,40,0
BRDA:35,0,41,0
BRDA:35,0,42,0
BRDA:35,0,43,0
BRDA:35,0,44,0
BRDA:35,0,45,0
BRDA:35,0,46,0
BRDA:35,0,47,0
BRDA:35,0,48,0
BRDA:35,0,49,0
BRDA:35,0,50,0
BRDA:35,0,51,0
BRDA:35,0,52,0
BRDA:35,0,53,0
BRDA:35,0,54,0
BRDA:35,0,55,0
BRDA:35,0,56,0
BRDA:35,0,57,0
BRDA:35,0,58,0
BRDA:35,0,59,0
BRDA:35,0,60,0
BRDA:35,0,61,0
BRDA:35,0,62,0
BRDA:35,0,63,0
DA:36,11
BRDA:36,0,0,11
BRDA:36,0,1,11
BRDA:36,0,2,8
BRDA:36,0,3,8
BRDA:36,0,4,4
BRDA:36,0,5,4
BRDA:36,0,6,4
BRDA:36,0,7,4
BRDA:36,0,8,4
BRDA:36,0,9,4
BRDA:36,0,10,4
BRDA:36,0,11,4
BRDA:36,0,12,4
BRDA:36,0,13,4
BRDA:36,0,14,4
BRDA:36,0,15,4
BRDA:36,0,16,4
BRDA:36,0,17,4
BRDA:36,0,18,4
BRDA:36,0,19,4
BRDA:36,0,20,4
BRDA:36,0,21,4
BRDA:36,0,22,5
BRDA:36,0,23,5
BRDA:36,0,24,4
BRDA:36,0,25,4
BRDA:36,0,26,4
BRDA:36,0,27,4
BRDA:36,0,28,4
BRDA:36,0,29,4
BRDA:36,0,30,4
BRDA:36,0,31,4
BRDA:36,0,32,4
BRDA:36,0,33,4
BRDA:36,0,34,4
BRDA:36,0,35,4
BRDA:36,0,36,4
BRDA:36,0,37,4
BRDA:36,0,38,4
BRDA:36,0,39,4
BRDA:36,0,40,4
BRDA:36,0,41,4
BRDA:36,0,42,4
BRDA:36,0,43,4
BRDA:36,0,44,5
BRDA:36,0,45,5
BRDA:36,0,46,4
BRDA:36,0,47,4
BRDA:36,0,48,4
BRDA:36,0,49,4
BRDA:36,0,50,5
BRDA:36,0,51,5
BRDA:36,0,52,5
BRDA:36,0,53,5
BRDA:36,0,54,7
BRDA:36,0,55,7
BRDA:36,0,56,3
BRDA:36,0,57,3
BRDA:36,0,58,5
BRDA:36,0,59,5
BRDA:36,0,60,3
BRDA:36,0,61,3
BRDA:36,0,62,4
BRDA:36,0,63,4
DA:37,11
BRDA:37,0,0,11
BRDA:37,0,1,11
BRDA:37,0,2,8
BRDA:37,0,3,8
BRDA:37,0,4,4
BRDA:37,0,5,4
BRDA:37,0,6,4
BRDA:37,0,7,4
BRDA:37,0,8,4
BRDA:37,0,9,4
BRDA:37,0,10,4
BRDA:37,0,11,4
BRDA:37,0,12,4
BRDA:37,0,13,4
BRDA:37,0,14,4
BRDA:37,0,15,4
BRDA:37,0,16,4
BRDA:37,0,17,4
BRDA:37,0,18,4
BRDA:37,0,19,4
BRDA:37,0,20,4
BRDA:37,0,21,4
BRDA:37,0,22,5
BRDA:37,0,23,5
BRDA:37,0,24,4
BRDA:37,0,25,4
BRDA:37,0,26,4
BRDA:37,0,27,4
BRDA:37,0,28,4
BRDA:37,0,29,4
BRDA:37,0,30,4
BRDA:37,0,31,4
BRDA:37,0,32,4
BRDA:37,0,33,4
BRDA:37,0,34,4
BRDA:37,0,35,4
BRDA:37,0,36,4
BRDA:37,0,37,4
BRDA:37,0,38,4
BRDA:37,0,39,4
BRDA:37,0,40,4
BRDA:37,0,41,4
BRDA:37,0,42,4
BRDA:37,0,43,4
BRDA:37,0,44,5
BRDA:37,0,45,5
BRDA:37,0,46,4
BRDA:37,0,47,4
BRDA:37,0,48,4
BRDA:37,0,49,4
BRDA:37,0,50,5
BRDA:37,0,51,5
BRDA:37,0,52,5
BRDA:37,0,53,5
BRDA:37,0,54,7
BRDA:37,0,55,7
BRDA:37,0,56,3
BRDA:37,0,57,3
BRDA:37,0,58,5
BRDA:37,0,59,5
BRDA:37,0,60,3
BRDA:37,0,61,3
BRDA:37,0,62,4
BRDA:37,0,63,4
DA:38,11
BRDA:38,0,0,11
BRDA:38,0,1,11
BRDA:38,0,2,8
BRDA:38,0,3,8
BRDA:38,0,4,4
BRDA:38,0,5,4
BRDA:38,0,6,4
BRDA:38,0,7,4
BRDA:38,0,8,4
BRDA:38,0,9,4
BRDA:38,0,10,4
BRDA:38,0,11,4
BRDA:38,0,12,4
BRDA:38,0,13,4
BRDA:38,0,14,4
BRDA:38,0,15,4
BRDA:38,0,16,4
BRDA:38,0,17,4
BRDA:38,0,18,4
BRDA:38,0,19,4
BRDA:38,0,20,4
BRDA:38,0,21,4
BRDA:38,0,22,5
BRDA:38,0,23,5
BRDA:38,0,24,4
BRDA:38,0,25,4
BRDA:38,0,26,4
BRDA:38,0,27,4
BRDA:38,0,28,4
BRDA:38,0,29,4
BRDA:38,0,30,4
BRDA:38,0,31,4
BRDA:38,0,32,4
BRDA:38,0,33,4
BRDA:38,0,34,4
BRDA:38,0,35,4
BRDA:38,0,36,4
BRDA:38,0,37,4
BRDA:38,0,38,4
BRDA:38,0,39,4
BRDA:38,0,40,4
BRDA:38,0,41,4
BRDA:38,0,42,4
BRDA:38,0,43,4
BRDA:38,0,44,5
BRDA:38,0,45,5
BRDA:38,0,46,4
BRDA:38,0,47,4
BRDA:38,0,48,4
BRDA:38,0,49,4
BRDA:38,0,50,5
BRDA:38,0,51,5
BRDA:38,0,52,5
BRDA:38,0,53,5
BRDA:38,0,54,7
BRDA:38,0,55,7
BRDA:38,0,56,3
BRDA:38,0,57,3
BRDA:38,0,58,5
BRDA:38,0,59,5
BRDA:38,0,60,3
BRDA:38,0,61,3
BRDA:38,0,62,4
BRDA:38,0,63,4
DA:39,10
BRDA:39,0,0,10
BRDA:39,0,1,9
BRDA:39,0,2,8
BRDA:39,0,3,8
BRDA:39,0,4,4
BRDA:39,0,5,4
BRDA:39,0,6,4
BRDA:39,0,7,4
BRDA:39,0,8,4
BRDA:39,0,9,4
BRDA:39,0,10,4
BRDA:39,0,11,4
BRDA:39,0,12,4
BRDA:39,0,13,4
BRDA:39,0,14,4
BRDA:39,0,15,4
BRDA:39,0,16,4
BRDA:39,0,17,4
BRDA:39,0,18,4
BRDA:39,0,19,4
BRDA:39,0,20,4
BRDA:39,0,21,4
BRDA:39,0,22,5
BRDA:39,0,23,5
BRDA:39,0,24,4
BRDA:39,0,25,4
BRDA:39,0,26,4
BRDA:39,0,27,4
BRDA:39,0,28,4
BRDA:39,0,29,4
BRDA:39,0,30,4
BRDA:39,0,31,4
BRDA:39,0,32,4
BRDA:39,0,33,4
BRDA:39,0,34,4
BRDA:39,0,35,4
BRDA:39,0,36,4
BRDA:39,0,37,4
BRDA:39,0,38,4
BRDA:39,0,39,4
BRDA:39,0,40,4
BRDA:39,0,41,4
BRDA:39,0,42,4
BRDA:39,0,43,4
BRDA:39,0,44,5
BRDA:39,0,45,5
BRDA:39,0,46,4
BRDA:39,0,47,4
BRDA:39,0,48,4
BRDA:39,0,49,4
BRDA:39,0,50,5
BRDA:39,0,51,5
BRDA:39,0,52,5
BRDA:39,0,53,5
BRDA:39,0,54,6
BRDA:39,0,55,6
BRDA:39,0,56,3
BRDA:39,0,57,3
BRDA:39,0,58,5
BRDA:39,0,59,5
BRDA:39,0,60,3
BRDA:39,0,61,3
BRDA:39,0,62,4
BRDA:39,0,63,4
DA:40,10
BRDA:40,0,0,10
BRDA:40,0,1,9
BRDA:40,0,2,8
BRDA:40,0,3,8
BRDA:40,0,4,4
BRDA:40,0,5,4
BRDA:40,0,6,4
BRDA:40,0,7,4
BRDA:40,0,8,4
BRDA:40,0,9,4
BRDA:40,0,10,4
BRDA:40,0,11,4
BRDA:40,0,12,4
BRDA:40,0,13,4
BRDA:40,0,14,4
BRDA:40,0,15,4
BRDA:40,0,16,4
BRDA:40,0,17,4
BRDA:40,0,18,4
BRDA:40,0,19,4
BRDA:40,0,20,4
BRDA:40,0,21,4
BRDA:40,0,22,5
BRDA:40,0,23,5
BRDA:40,0,24,4
BRDA:40,0,25,4
BRDA:40,0,26,4
BRDA:40,0,27,4
BRDA:40,0,28,4
BRDA:40,0,29,4
BRDA:40,0,30,4
BRDA:40,0,31,4
BRDA:40,0,32,4
BRDA:40,0,33,4
BRDA:40,0,34,4
BRDA:40,0,35,4
BRDA:40,0,36,4
BRDA:40,0,37,4
BRDA:40,0,38,4
BRDA:40,0,39,4
BRDA:40,0,40,4
BRDA:40,0,41,4
BRDA:40,0,42,4
BRDA:40,0,43,4
BRDA:40,0,44,5
BRDA:40,0,45,5
BRDA:40,0,46,4
BRDA:40,0,47,4
BRDA:40,0,48,4
BRDA:40,0,49,4
BRDA:40,0,50,5
BRDA:40,0,51,5
BRDA:40,0,52,5
BRDA:40,0,53,5
BRDA:40,0,54,6
BRDA:40,0,55,6
BRDA:40,0,56,3
BRDA:40,0,57,3
BRDA:40,0,58,5
BRDA:40,0,59,5
BRDA:40,0,60,3
BRDA:40,0,61,3
BRDA:40,0,62,4
BRDA:40,0,63,4
DA:42,0
BRDA:42,0,0,0
BRDA:42,0,1,0
BRDA:42,0,2,0
BRDA:42,0,3,0
DA:43,14
BRDA:43,0,0,14
BRDA:43,0,1,13
BRDA:43,0,2,0
BRDA:43,0,3,0
BRDA:43,0,4,14
BRDA:43,0,5,13
DA:46,1
BRDA:46,0,0,1
BRDA:46,0,1,0
DA:47,0
BRDA:47,0,0,0
BRDA:47,0,1,0
DA:48,11
BRDA:48,0,0,6
BRDA:48,0,1,6
BRDA:48,0,2,11
BRDA:48,0,3,11
BRDA:48,0,4,6
BRDA:48,0,5,6
BRDA:48,0,6,6
BRDA:48,0,7,6
BRDA:48,0,8,6
BRDA:48,0,9,6
BRDA:48,0,10,6
BRDA:48,0,11,6
BRDA:48,0,12,6
BRDA:48,0,13,6
BRDA:48,0,14,6
BRDA:48,0,15,6
BRDA:48,0,16,6
BRDA:48,0,17,6
BRDA:48,0,18,6
BRDA:48,0,19,6
BRDA:48,0,20,6
BRDA:48,0,21,6
BRDA:48,0,22,8
BRDA:48,0,23,8
BRDA:48,0,24,6
BRDA:48,0,25,6
BRDA:48,0,26,6
BRDA:48,0,27,6
BRDA:48,0,28,6
BRDA:48,0,29,6
BRDA:48,0,30,6
BRDA:48,0,31,6
BRDA:48,0,32,6
BRDA:48,0,33,6
BRDA:48,0,34,6
BRDA:48,0,35,6
BRDA:48,0,36,6
BRDA:48,0,37,6
BRDA:48,0,38,6
BRDA:48,0,39,6
BRDA:48,0,40,6
BRDA:48,0,41,6
BRDA:48,0,42,6
BRDA:48,0,43,6
BRDA:48,0,44,9
BRDA:48,0,45,9
BRDA:48,0,46,6
BRDA:48,0,47,6
BRDA:48,0,48,6
BRDA:48,0,49,6
BRDA:48,0,50,5
BRDA:48,0,51,5
BRDA:48,0,52,11
BRDA:48,0,53,11
BRDA:48,0,54,9
BRDA:48,0,55,9
BRDA:48,0,56,6
BRDA:48,0,57,6
BRDA:48,0,58,7
BRDA:48,0,59,7
BRDA:48,0,60,5
BRDA:48,0,61,5
BRDA:48,0,62,7
BRDA:48,0,63,7
DA:49,1
BRDA:49,0,0,1
BRDA:49,0,1,0
BRDA:49,0,2,0
BRDA:49,0,3,0
DA:50,25
BRDA:50,0,0,0
BRDA:50,0,1,0
BRDA:50,0,2,0
BRDA:50,0,3,0
BRDA:50,0,4,0
BRDA:50,0,5,0
BRDA:50,0,6,0
BRDA:50,0,7,0
BRDA:50,0,8,0
BRDA:50,0,9,0
BRDA:50,0,10,0
BRDA:50,0,11,0
BRDA:50,0,12,0
BRDA:50,0,13,0
BRDA:50,0,14,0
BRDA:50,0,15,0
BRDA:50,0,16,0
BRDA:50,0,17,0
BRDA:50,0,18,0
BRDA:50,0,19,0
BRDA:50,0,20,0
BRDA:50,0,21,0
BRDA:50,0,22,0
BRDA:50,0,23,0
BRDA:50,0,24,0
BRDA:50,0,25,0
BRDA:50,0,26,0
BRDA:50,0,27,0
BRDA:50,0,28,0
BRDA:50,0,29,0
BRDA:50,0,30,0
BRDA:50,0,31,0
BRDA:50,0,32,0
BRDA:50,0,33,0
BRDA:50,0,34,0
BRDA:50,0,35,0
BRDA:50,0,36,0
BRDA:50,0,37,0
BRDA:50,0,38,0
BRDA:50,0,39,0
BRDA:50,0,40,0
BRDA:50,0,41,0
BRDA:50,0,42,0
BRDA:50,0,43,0
BRDA:50,0,44,25
BRDA:50,0,45,24
BRDA:50,0,46,0
BRDA:50,0,47,0
BRDA:50,0,48,0
BRDA:50,0,49,0
BRDA:50,0,50,12
BRDA:50,0,51,12
BRDA:50,0,52,6
BRDA:50,0,53,6
BRDA:50,0,54,3
BRDA:50,0,55,3
BRDA:50,0,56,2
BRDA:50,0,57,1
BRDA:50,0,58,1
BRDA:50,0,59,0
BRDA:50,0,60,0
BRDA:50,0,61,0
BRDA:50,0,62,0
BRDA:50,0,63,0
DA:53,1
BRDA:53,0,0,1
BRDA:53,0,1,0
DA:54,11
BRDA:54,0,0,11
BRDA:54,0,1,11
DA:55,14
BRDA:55,0,0,14
BRDA:55,0,1,14
DA:56,0
BRDA:56,0,0,0
BRDA:56,0,1,0
DA:57,0
BRDA:57,0,0,0
BRDA:57,0,1,0
DA:58,0
BRDA:58,0,0,0
BRDA:58,0,1,0
DA:59,0
BRDA:59,0,0,0
BRDA:59,0,1,0
DA:60,0
BRDA:60,0,0,0
BRDA:60,0,1,0
DA:61,0
BRDA:61,0,0,0
BRDA:61,0,1,0
DA:62,0
BRDA:62,0,0,0
BRDA:62,0,1,0
DA:64,1
DA:65,1
DA:66,1
DA:93,219
BRDA:93,0,0,184
BRDA:93,0,1,219
DA:95,403
BRDA:95,0,0,0
BRDA:95,0,1,403
DA:98,303
DA:99,0
DA:100,0
DA:101,0
DA:102,0
DA:103,0
DA:105,0
DA:106,0
DA:107,0
DA:108,0
DA:109,0
DA:112,303
BRDA:112,0,0,0
BRDA:112,0,1,303
DA:113,0
DA:114,0
DA:115,303
DA:116,303
BRDA:116,0,0,303
BRDA:116,0,1,303
BRDA:116,0,2,0
BRDA:116,0,3,0
BRDA:116,0,4,0
BRDA:116,0,5,303
DA:117,303
BRDA:117,0,0,303
BRDA:117,0,1,108
BRDA:117,0,2,183
BRDA:117,0,3,48
BRDA:117,0,4,30
DA:121,403
DA:122,403
BRDA:122,0,0,0
BRDA:122,0,1,403
DA:123,0
BRDA:123,0,0,0
BRDA:123,0,1,0
BRDA:123,0,2,0
BRDA:123,0,3,0
BRDA:123,0,4,0
BRDA:123,0,5,0
BRDA:123,0,6,0
DA:130,403
DA:131,403
DA:148,16
BRDA:148,0,0,16
BRDA:148,0,1,16
DA:151,403
BRDA:151,0,0,0
BRDA:151,0,1,403
DA:152,403
BRDA:152,0,0,0
BRDA:152,0,1,403
DA:157,303
DA:158,303
BRDA:158,0,0,0
BRDA:158,0,1,303
BRDA:158,0,2,0
BRDA:158,0,3,303
BRDA:158,0,4,0
DA:159,0
BRDA:159,0,0,0
BRDA:159,0,1,0
DA:160,0
DA:161,0
DA:162,0
BRDA:162,0,0,0
BRDA:162,0,1,0
DA:163,0
DA:164,0
DA:165,0
DA:168,303
DA:169,303
DA:176,403
BRDA:176,0,0,403
BRDA:176,0,1,0
DA:186,403
BRDA:186,0,0,0
BRDA:186,0,1,403
DA:190,50
DA:191,49
BRDA:191,0,0,1
BRDA:191,0,1,49
BRDA:191,0,2,1
BRDA:191,0,3,49
DA:192,1
DA:193,1
DA:194,49
DA:195,49
DA:196,49
DA:201,100
DA:202,98
BRDA:202,0,0,2
BRDA:202,0,1,98
BRDA:202,0,2,2
BRDA:202,0,3,98
DA:203,2
DA:204,98
DA:205,98
BRDA:205,0,0,98
BRDA:205,0,1,49
BRDA:205,0,2,49
BRDA:205,0,3,49
BRDA:205,0,4,49
DA:210,100
DA:211,98
BRDA:211,0,0,2
BRDA:211,0,1,98
BRDA:211,0,2,2
BRDA:211,0,3,98
DA:212,2
DA:213,98
DA:214,98
BRDA:214,0,0,98
BRDA:214,0,1,49
BRDA:214,0,2,49
BRDA:214,0,3,49
BRDA:214,0,4,49
BRF:1363
BRH:167
end_of_record
SF:/home/akhilkushe/Desktop/Projects/CPU_scratch/verif/coco_tb/basic_test/../../../hdl/extend32.v
DA:5,0
BRDA:5,0,0,0
BRDA:5,0,1,0
BRDA:5,0,2,0
BRDA:5,0,3,0
BRDA:5,0,4,0
BRDA:5,0,5,0
BRDA:5,0,6,0
BRDA:5,0,7,0
BRDA:5,0,8,0
BRDA:5,0,9,0
BRDA:5,0,10,0
BRDA:5,0,11,0
BRDA:5,0,12,0
BRDA:5,0,13,0
BRDA:5,0,14,0
BRDA:5,0,15,0
BRDA:5,0,16,0
BRDA:5,0,17,0
BRDA:5,0,18,0
BRDA:5,0,19,0
BRDA:5,0,20,0
BRDA:5,0,21,0
BRDA:5,0,22,0
BRDA:5,0,23,0
BRDA:5,0,24,0
BRDA:5,0,25,0
BRDA:5,0,26,0
BRDA:5,0,27,0
BRDA:5,0,28,0
BRDA:5,0,29,0
BRDA:5,0,30,0
BRDA:5,0,31,0
BRDA:5,0,32,0
BRDA:5,0,33,0
BRDA:5,0,34,0
BRDA:5,0,35,0
BRDA:5,0,36,0
BRDA:5,0,37,0
BRDA:5,0,38,0
BRDA:5,0,39,0
BRDA:5,0,40,0
BRDA:5,0,41,0
BRDA:5,0,42,0
BRDA:5,0,43,0
BRDA:5,0,44,0
BRDA:5,0,45,0
BRDA:5,0,46,0
BRDA:5,0,47,0
DA:6,0
BRDA:6,0,0,0
BRDA:6,0,1,0
BRDA:6,0,2,0
BRDA:6,0,3,0
BRDA:6,0,4,0
BRDA:6,0,5,0
BRDA:6,0,6,0
BRDA:6,0,7,0
BRDA:6,0,8,0
BRDA:6,0,9,0
BRDA:6,0,10,0
BRDA:6,0,11,0
BRDA:6,0,12,0
BRDA:6,0,13,0
BRDA:6,0,14,0
BRDA:6,0,15,0
BRDA:6,0,16,0
BRDA:6,0,17,0
BRDA:6,0,18,0
BRDA:6,0,19,0
BRDA:6,0,20,0
BRDA:6,0,21,0
BRDA:6,0,22,0
BRDA:6,0,23,0
BRDA:6,0,24,0
BRDA:6,0,25,0
BRDA:6,0,26,0
BRDA:6,0,27,0
BRDA:6,0,28,0
BRDA:6,0,29,0
BRDA:6,0,30,0
BRDA:6,0,31,0
BRDA:6,0,32,0
BRDA:6,0,33,0
BRDA:6,0,34,0
BRDA:6,0,35,0
BRDA:6,0,36,0
BRDA:6,0,37,0
BRDA:6,0,38,0
BRDA:6,0,39,0
BRDA:6,0,40,0
BRDA:6,0,41,0
BRDA:6,0,42,0
BRDA:6,0,43,0
BRDA:6,0,44,0
BRDA:6,0,45,0
BRDA:6,0,46,0
BRDA:6,0,47,0
BRDA:6,0,48,0
BRDA:6,0,49,0
BRDA:6,0,50,0
BRDA:6,0,51,0
BRDA:6,0,52,0
BRDA:6,0,53,0
BRDA:6,0,54,0
BRDA:6,0,55,0
BRDA:6,0,56,0
BRDA:6,0,57,0
BRDA:6,0,58,0
BRDA:6,0,59,0
BRDA:6,0,60,0
BRDA:6,0,61,0
BRDA:6,0,62,0
BRDA:6,0,63,0
BRDA:6,0,64,0
BRDA:6,0,65,0
BRDA:6,0,66,0
BRDA:6,0,67,0
BRDA:6,0,68,0
BRDA:6,0,69,0
BRDA:6,0,70,0
BRDA:6,0,71,0
BRDA:6,0,72,0
BRDA:6,0,73,0
BRDA:6,0,74,0
BRDA:6,0,75,0
BRDA:6,0,76,0
BRDA:6,0,77,0
BRDA:6,0,78,0
BRDA:6,0,79,0
BRDA:6,0,80,0
BRDA:6,0,81,0
BRDA:6,0,82,0
BRDA:6,0,83,0
BRDA:6,0,84,0
BRDA:6,0,85,0
BRDA:6,0,86,0
BRDA:6,0,87,0
BRDA:6,0,88,0
BRDA:6,0,89,0
BRDA:6,0,90,0
BRDA:6,0,91,0
BRDA:6,0,92,0
BRDA:6,0,93,0
BRDA:6,0,94,0
BRDA:6,0,95,0
BRDA:6,0,96,0
BRDA:6,0,97,0
BRDA:6,0,98,0
BRDA:6,0,99,0
BRDA:6,0,100,0
BRDA:6,0,101,0
BRDA:6,0,102,0
BRDA:6,0,103,0
BRDA:6,0,104,0
BRDA:6,0,105,0
BRDA:6,0,106,0
BRDA:6,0,107,0
BRDA:6,0,108,0
BRDA:6,0,109,0
BRDA:6,0,110,0
BRDA:6,0,111,0
BRDA:6,0,112,0
BRDA:6,0,113,0
BRDA:6,0,114,0
BRDA:6,0,115,0
BRDA:6,0,116,0
BRDA:6,0,117,0
BRDA:6,0,118,0
BRDA:6,0,119,0
BRDA:6,0,120,0
BRDA:6,0,121,0
BRDA:6,0,122,0
BRDA:6,0,123,0
BRDA:6,0,124,0
BRDA:6,0,125,0
BRDA:6,0,126,0
BRDA:6,0,127,0
DA:16,0
BRDA:16,0,0,0
BRDA:16,0,1,0
BRDA:16,0,2,0
BRDA:16,0,3,0
BRDA:16,0,4,0
BRDA:16,0,5,0
BRDA:16,0,6,0
BRDA:16,0,7,0
BRDA:16,0,8,0
BRDA:16,0,9,0
BRDA:16,0,10,0
BRDA:16,0,11,0
BRDA:16,0,12,0
BRDA:16,0,13,0
BRDA:16,0,14,0
BRDA:16,0,15,0
BRDA:16,0,16,0
BRDA:16,0,17,0
BRDA:16,0,18,0
BRDA:16,0,19,0
BRDA:16,0,20,0
BRDA:16,0,21,0
BRDA:16,0,22,0
BRDA:16,0,23,0
BRDA:16,0,24,0
BRDA:16,0,25,0
BRDA:16,0,26,0
BRDA:16,0,27,0
BRDA:16,0,28,0
BRDA:16,0,29,0
BRDA:16,0,30,0
BRDA:16,0,31,0
BRDA:16,0,32,0
BRDA:16,0,33,0
BRDA:16,0,34,0
BRDA:16,0,35,0
BRDA:16,0,36,0
BRDA:16,0,37,0
BRDA:16,0,38,0
BRDA:16,0,39,0
BRDA:16,0,40,0
BRDA:16,0,41,0
BRDA:16,0,42,0
BRDA:16,0,43,0
BRDA:16,0,44,0
BRDA:16,0,45,0
BRDA:16,0,46,0
BRDA:16,0,47,0
DA:17,0
BRDA:17,0,0,0
BRDA:17,0,1,0
BRDA:17,0,2,0
BRDA:17,0,3,0
BRDA:17,0,4,0
BRDA:17,0,5,0
BRDA:17,0,6,0
BRDA:17,0,7,0
BRDA:17,0,8,0
BRDA:17,0,9,0
BRDA:17,0,10,0
BRDA:17,0,11,0
BRDA:17,0,12,0
BRDA:17,0,13,0
BRDA:17,0,14,0
BRDA:17,0,15,0
BRDA:17,0,16,0
BRDA:17,0,17,0
BRDA:17,0,18,0
BRDA:17,0,19,0
BRDA:17,0,20,0
BRDA:17,0,21,0
BRDA:17,0,22,0
BRDA:17,0,23,0
BRDA:17,0,24,0
BRDA:17,0,25,0
BRDA:17,0,26,0
BRDA:17,0,27,0
BRDA:17,0,28,0
BRDA:17,0,29,0
BRDA:17,0,30,0
BRDA:17,0,31,0
BRDA:17,0,32,0
BRDA:17,0,33,0
BRDA:17,0,34,0
BRDA:17,0,35,0
BRDA:17,0,36,0
BRDA:17,0,37,0
BRDA:17,0,38,0
BRDA:17,0,39,0
BRDA:17,0,40,0
BRDA:17,0,41,0
BRDA:17,0,42,0
BRDA:17,0,43,0
BRDA:17,0,44,0
BRDA:17,0,45,0
BRDA:17,0,46,0
BRDA:17,0,47,0
BRDA:17,0,48,0
BRDA:17,0,49,0
BRDA:17,0,50,0
BRDA:17,0,51,0
BRDA:17,0,52,0
BRDA:17,0,53,0
BRDA:17,0,54,0
BRDA:17,0,55,0
BRDA:17,0,56,0
BRDA:17,0,57,0
BRDA:17,0,58,0
BRDA:17,0,59,0
BRDA:17,0,60,0
BRDA:17,0,61,0
BRDA:17,0,62,0
BRDA:17,0,63,0
BRDA:17,0,64,0
BRDA:17,0,65,0
BRDA:17,0,66,0
BRDA:17,0,67,0
BRDA:17,0,68,0
BRDA:17,0,69,0
BRDA:17,0,70,0
BRDA:17,0,71,0
BRDA:17,0,72,0
BRDA:17,0,73,0
BRDA:17,0,74,0
BRDA:17,0,75,0
BRDA:17,0,76,0
BRDA:17,0,77,0
BRDA:17,0,78,0
BRDA:17,0,79,0
BRDA:17,0,80,0
BRDA:17,0,81,0
BRDA:17,0,82,0
BRDA:17,0,83,0
BRDA:17,0,84,0
BRDA:17,0,85,0
BRDA:17,0,86,0
BRDA:17,0,87,0
BRDA:17,0,88,0
BRDA:17,0,89,0
BRDA:17,0,90,0
BRDA:17,0,91,0
BRDA:17,0,92,0
BRDA:17,0,93,0
BRDA:17,0,94,0
BRDA:17,0,95,0
BRDA:17,0,96,0
BRDA:17,0,97,0
BRDA:17,0,98,0
BRDA:17,0,99,0
BRDA:17,0,100,0
BRDA:17,0,101,0
BRDA:17,0,102,0
BRDA:17,0,103,0
BRDA:17,0,104,0
BRDA:17,0,105,0
BRDA:17,0,106,0
BRDA:17,0,107,0
BRDA:17,0,108,0
BRDA:17,0,109,0
BRDA:17,0,110,0
BRDA:17,0,111,0
BRDA:17,0,112,0
BRDA:17,0,113,0
BRDA:17,0,114,0
BRDA:17,0,115,0
BRDA:17,0,116,0
BRDA:17,0,117,0
BRDA:17,0,118,0
BRDA:17,0,119,0
BRDA:17,0,120,0
BRDA:17,0,121,0
BRDA:17,0,122,0
BRDA:17,0,123,0
BRDA:17,0,124,0
BRDA:17,0,125,0
BRDA:17,0,126,0
BRDA:17,0,127,0
DA:30,0
BRDA:30,0,0,0
BRDA:30,0,1,0
BRDA:30,0,2,0
BRDA:30,0,3,0
BRDA:30,0,4,0
BRDA:30,0,5,0
BRDA:30,0,6,0
BRDA:30,0,7,0
BRDA:30,0,8,0
BRDA:30,0,9,0
BRDA:30,0,10,0
BRDA:30,0,11,0
BRDA:30,0,12,0
BRDA:30,0,13,0
BRDA:30,0,14,0
BRDA:30,0,15,0
BRDA:30,0,16,0
BRDA:30,0,17,0
BRDA:30,0,18,0
BRDA:30,0,19,0
BRDA:30,0,20,0
BRDA:30,0,21,0
BRDA:30,0,22,0
BRDA:30,0,23,0
BRDA:30,0,24,0
BRDA:30,0,25,0
BRDA:30,0,26,0
BRDA:30,0,27,0
BRDA:30,0,28,0
BRDA:30,0,29,0
BRDA:30,0,30,0
BRDA:30,0,31,0
BRDA:30,0,32,0
BRDA:30,0,33,0
BRDA:30,0,34,0
BRDA:30,0,35,0
BRDA:30,0,36,0
BRDA:30,0,37,0
BRDA:30,0,38,0
BRDA:30,0,39,0
BRDA:30,0,40,0
BRDA:30,0,41,0
BRDA:30,0,42,0
BRDA:30,0,43,0
BRDA:30,0,44,0
BRDA:30,0,45,0
BRDA:30,0,46,0
BRDA:30,0,47,0
BRDA:30,0,48,0
BRDA:30,0,49,0
BRDA:30,0,50,0
BRDA:30,0,51,0
BRDA:30,0,52,0
BRDA:30,0,53,0
BRDA:30,0,54,0
BRDA:30,0,55,0
BRDA:30,0,56,0
BRDA:30,0,57,0
BRDA:30,0,58,0
BRDA:30,0,59,0
BRDA:30,0,60,0
BRDA:30,0,61,0
BRDA:30,0,62,0
BRDA:30,0,63,0
DA:31,14
BRDA:31,0,0,14
BRDA:31,0,1,13
BRDA:31,0,2,14
BRDA:31,0,3,13
BRDA:31,0,4,0
BRDA:31,0,5,0
DA:32,0
BRDA:32,0,0,0
BRDA:32,0,1,0
BRDA:32,0,2,0
BRDA:32,0,3,0
BRDA:32,0,4,0
BRDA:32,0,5,0
BRDA:32,0,6,0
BRDA:32,0,7,0
BRDA:32,0,8,0
BRDA:32,0,9,0
BRDA:32,0,10,0
BRDA:32,0,11,0
BRDA:32,0,12,0
BRDA:32,0,13,0
BRDA:32,0,14,0
BRDA:32,0,15,0
BRDA:32,0,16,0
BRDA:32,0,17,0
BRDA:32,0,18,0
BRDA:32,0,19,0
BRDA:32,0,20,0
BRDA:32,0,21,0
BRDA:32,0,22,0
BRDA:32,0,23,0
BRDA:32,0,24,0
BRDA:32,0,25,0
BRDA:32,0,26,0
BRDA:32,0,27,0
BRDA:32,0,28,0
BRDA:32,0,29,0
BRDA:32,0,30,0
BRDA:32,0,31,0
BRDA:32,0,32,0
BRDA:32,0,33,0
BRDA:32,0,34,0
BRDA:32,0,35,0
BRDA:32,0,36,0
BRDA:32,0,37,0
BRDA:32,0,38,0
BRDA:32,0,39,0
BRDA:32,0,40,0
BRDA:32,0,41,0
BRDA:32,0,42,0
BRDA:32,0,43,0
BRDA:32,0,44,0
BRDA:32,0,45,0
BRDA:32,0,46,0
BRDA:32,0,47,0
BRDA:32,0,48,0
BRDA:32,0,49,0
BRDA:32,0,50,0
BRDA:32,0,51,0
BRDA:32,0,52,0
BRDA:32,0,53,0
BRDA:32,0,54,0
BRDA:32,0,55,0
BRDA:32,0,56,0
BRDA:32,0,57,0
BRDA:32,0,58,0
BRDA:32,0,59,0
BRDA:32,0,60,0
BRDA:32,0,61,0
BRDA:32,0,62,0
BRDA:32,0,63,0
DA:34,0
BRDA:34,0,0,0
BRDA:34,0,1,0
BRDA:34,0,2,0
BRDA:34,0,3,0
BRDA:34,0,4,0
BRDA:34,0,5,0
BRDA:34,0,6,0
BRDA:34,0,7,0
BRDA:34,0,8,0
BRDA:34,0,9,0
BRDA:34,0,10,0
BRDA:34,0,11,0
BRDA:34,0,12,0
BRDA:34,0,13,0
BRDA:34,0,14,0
BRDA:34,0,15,0
BRDA:34,0,16,0
BRDA:34,0,17,0
BRDA:34,0,18,0
BRDA:34,0,19,0
BRDA:34,0,20,0
BRDA:34,0,21,0
BRDA:34,0,22,0
BRDA:34,0,23,0
BRDA:34,0,24,0
BRDA:34,0,25,0
BRDA:34,0,26,0
BRDA:34,0,27,0
BRDA:34,0,28,0
BRDA:34,0,29,0
BRDA:34,0,30,0
BRDA:34,0,31,0
BRDA:34,0,32,0
BRDA:34,0,33,0
BRDA:34,0,34,0
BRDA:34,0,35,0
BRDA:34,0,36,0
BRDA:34,0,37,0
BRDA:34,0,38,0
BRDA:34,0,39,0
BRDA:34,0,40,0
BRDA:34,0,41,0
BRDA:34,0,42,0
BRDA:34,0,43,0
BRDA:34,0,44,0
BRDA:34,0,45,0
BRDA:34,0,46,0
BRDA:34,0,47,0
BRDA:34,0,48,0
BRDA:34,0,49,0
BRDA:34,0,50,0
BRDA:34,0,51,0
BRDA:34,0,52,0
BRDA:34,0,53,0
BRDA:34,0,54,0
BRDA:34,0,55,0
BRDA:34,0,56,0
BRDA:34,0,57,0
BRDA:34,0,58,0
BRDA:34,0,59,0
BRDA:34,0,60,0
BRDA:34,0,61,0
BRDA:34,0,62,0
BRDA:34,0,63,0
DA:35,0
BRDA:35,0,0,0
BRDA:35,0,1,0
BRDA:35,0,2,0
BRDA:35,0,3,0
BRDA:35,0,4,0
BRDA:35,0,5,0
BRDA:35,0,6,0
BRDA:35,0,7,0
BRDA:35,0,8,0
BRDA:35,0,9,0
BRDA:35,0,10,0
BRDA:35,0,11,0
BRDA:35,0,12,0
BRDA:35,0,13,0
BRDA:35,0,14,0
BRDA:35,0,15,0
BRDA:35,0,16,0
BRDA:35,0,17,0
BRDA:35,0,18,0
BRDA:35,0,19,0
BRDA:35,0,20,0
BRDA:35,0,21,0
BRDA:35,0,22,0
BRDA:35,0,23,0
BRDA:35,0,24,0
BRDA:35,0,25,0
BRDA:35,0,26,0
BRDA:35,0,27,0
BRDA:35,0,28,0
BRDA:35,0,29,0
BRDA:35,0,30,0
BRDA:35,0,31,0
BRDA:35,0,32,0
BRDA:35,0,33,0
BRDA:35,0,34,0
BRDA:35,0,35,0
BRDA:35,0,36,0
BRDA:35,0,37,0
BRDA:35,0,38,0
BRDA:35,0,39,0
BRDA:35,0,40,0
BRDA:35,0,41,0
BRDA:35,0,42,0
BRDA:35,0,43,0
BRDA:35,0,44,0
BRDA:35,0,45,0
BRDA:35,0,46,0
BRDA:35,0,47,0
BRDA:35,0,48,0
BRDA:35,0,49,0
BRDA:35,0,50,0
BRDA:35,0,51,0
BRDA:35,0,52,0
BRDA:35,0,53,0
BRDA:35,0,54,0
BRDA:35,0,55,0
BRDA:35,0,56,0
BRDA:35,0,57,0
BRDA:35,0,58,0
BRDA:35,0,59,0
BRDA:35,0,60,0
BRDA:35,0,61,0
BRDA:35,0,62,0
BRDA:35,0,63,0
DA:36,0
BRDA:36,0,0,0
BRDA:36,0,1,0
BRDA:36,0,2,0
BRDA:36,0,3,0
BRDA:36,0,4,0
BRDA:36,0,5,0
BRDA:36,0,6,0
BRDA:36,0,7,0
BRDA:36,0,8,0
BRDA:36,0,9,0
BRDA:36,0,10,0
BRDA:36,0,11,0
BRDA:36,0,12,0
BRDA:36,0,13,0
BRDA:36,0,14,0
BRDA:36,0,15,0
BRDA:36,0,16,0
BRDA:36,0,17,0
BRDA:36,0,18,0
BRDA:36,0,19,0
BRDA:36,0,20,0
BRDA:36,0,21,0
BRDA:36,0,22,0
BRDA:36,0,23,0
BRDA:36,0,24,0
BRDA:36,0,25,0
BRDA:36,0,26,0
BRDA:36,0,27,0
BRDA:36,0,28,0
BRDA:36,0,29,0
BRDA:36,0,30,0
BRDA:36,0,31,0
BRDA:36,0,32,0
BRDA:36,0,33,0
BRDA:36,0,34,0
BRDA:36,0,35,0
BRDA:36,0,36,0
BRDA:36,0,37,0
BRDA:36,0,38,0
BRDA:36,0,39,0
BRDA:36,0,40,0
BRDA:36,0,41,0
BRDA:36,0,42,0
BRDA:36,0,43,0
BRDA:36,0,44,0
BRDA:36,0,45,0
BRDA:36,0,46,0
BRDA:36,0,47,0
BRDA:36,0,48,0
BRDA:36,0,49,0
BRDA:36,0,50,0
BRDA:36,0,51,0
BRDA:36,0,52,0
BRDA:36,0,53,0
BRDA:36,0,54,0
BRDA:36,0,55,0
BRDA:36,0,56,0
BRDA:36,0,57,0
BRDA:36,0,58,0
BRDA:36,0,59,0
BRDA:36,0,60,0
BRDA:36,0,61,0
BRDA:36,0,62,0
BRDA:36,0,63,0
DA:37,0
BRDA:37,0,0,0
BRDA:37,0,1,0
BRDA:37,0,2,0
BRDA:37,0,3,0
BRDA:37,0,4,0
BRDA:37,0,5,0
BRDA:37,0,6,0
BRDA:37,0,7,0
BRDA:37,0,8,0
BRDA:37,0,9,0
BRDA:37,0,10,0
BRDA:37,0,11,0
BRDA:37,0,12,0
BRDA:37,0,13,0
BRDA:37,0,14,0
BRDA:37,0,15,0
BRDA:37,0,16,0
BRDA:37,0,17,0
BRDA:37,0,18,0
BRDA:37,0,19,0
BRDA:37,0,20,0
BRDA:37,0,21,0
BRDA:37,0,22,0
BRDA:37,0,23,0
BRDA:37,0,24,0
BRDA:37,0,25,0
BRDA:37,0,26,0
BRDA:37,0,27,0
BRDA:37,0,28,0
BRDA:37,0,29,0
BRDA:37,0,30,0
BRDA:37,0,31,0
BRDA:37,0,32,0
BRDA:37,0,33,0
BRDA:37,0,34,0
BRDA:37,0,35,0
BRDA:37,0,36,0
BRDA:37,0,37,0
BRDA:37,0,38,0
BRDA:37,0,39,0
BRDA:37,0,40,0
BRDA:37,0,41,0
BRDA:37,0,42,0
BRDA:37,0,43,0
BRDA:37,0,44,0
BRDA:37,0,45,0
BRDA:37,0,46,0
BRDA:37,0,47,0
BRDA:37,0,48,0
BRDA:37,0,49,0
BRDA:37,0,50,0
BRDA:37,0,51,0
BRDA:37,0,52,0
BRDA:37,0,53,0
BRDA:37,0,54,0
BRDA:37,0,55,0
BRDA:37,0,56,0
BRDA:37,0,57,0
BRDA:37,0,58,0
BRDA:37,0,59,0
BRDA:37,0,60,0
BRDA:37,0,61,0
BRDA:37,0,62,0
BRDA:37,0,63,0
DA:44,303
DA:45,201
BRDA:45,0,0,102
BRDA:45,0,1,201
DA:46,102
DA:47,201
DA:48,103
BRDA:48,0,0,98
BRDA:48,0,1,103
DA:49,98
BRDA:49,0,0,0
BRDA:49,0,1,98
DA:50,0
DA:51,98
DA:52,98
DA:54,103
DA:55,103
BRDA:55,0,0,0
BRDA:55,0,1,103
DA:56,0
DA:57,103
DA:58,103
BRF:750
BRH:10
end_of_record
SF:/home/akhilkushe/Desktop/Projects/CPU_scratch/verif/coco_tb/basic_test/../../../hdl/p_cntr.v
DA:2,50
BRDA:2,0,0,50
BRDA:2,0,1,49
DA:3,2
BRDA:3,0,0,2
BRDA:3,0,1,1
DA:4,1
BRDA:4,0,0,1
BRDA:4,0,1,0
BRDA:4,0,2,0
BRDA:4,0,3,0
DA:5,11
BRDA:5,0,0,6
BRDA:5,0,1,6
BRDA:5,0,2,11
BRDA:5,0,3,11
BRDA:5,0,4,6
BRDA:5,0,5,6
BRDA:5,0,6,6
BRDA:5,0,7,6
BRDA:5,0,8,6
BRDA:5,0,9,6
BRDA:5,0,10,6
BRDA:5,0,11,6
BRDA:5,0,12,6
BRDA:5,0,13,6
BRDA:5,0,14,6
BRDA:5,0,15,6
BRDA:5,0,16,6
BRDA:5,0,17,6
BRDA:5,0,18,6
BRDA:5,0,19,6
BRDA:5,0,20,6
BRDA:5,0,21,6
BRDA:5,0,22,8
BRDA:5,0,23,8
BRDA:5,0,24,6
BRDA:5,0,25,6
BRDA:5,0,26,6
BRDA:5,0,27,6
BRDA:5,0,28,6
BRDA:5,0,29,6
BRDA:5,0,30,6
BRDA:5,0,31,6
BRDA:5,0,32,6
BRDA:5,0,33,6
BRDA:5,0,34,6
BRDA:5,0,35,6
BRDA:5,0,36,6
BRDA:5,0,37,6
BRDA:5,0,38,6
BRDA:5,0,39,6
BRDA:5,0,40,6
BRDA:5,0,41,6
BRDA:5,0,42,6
BRDA:5,0,43,6
BRDA:5,0,44,9
BRDA:5,0,45,9
BRDA:5,0,46,6
BRDA:5,0,47,6
BRDA:5,0,48,6
BRDA:5,0,49,6
BRDA:5,0,50,5
BRDA:5,0,51,5
BRDA:5,0,52,11
BRDA:5,0,53,11
BRDA:5,0,54,9
BRDA:5,0,55,9
BRDA:5,0,56,6
BRDA:5,0,57,6
BRDA:5,0,58,7
BRDA:5,0,59,7
BRDA:5,0,60,5
BRDA:5,0,61,5
BRDA:5,0,62,7
BRDA:5,0,63,7
DA:6,25
BRDA:6,0,0,0
BRDA:6,0,1,0
BRDA:6,0,2,0
BRDA:6,0,3,0
BRDA:6,0,4,0
BRDA:6,0,5,0
BRDA:6,0,6,0
BRDA:6,0,7,0
BRDA:6,0,8,0
BRDA:6,0,9,0
BRDA:6,0,10,0
BRDA:6,0,11,0
BRDA:6,0,12,0
BRDA:6,0,13,0
BRDA:6,0,14,0
BRDA:6,0,15,0
BRDA:6,0,16,0
BRDA:6,0,17,0
BRDA:6,0,18,0
BRDA:6,0,19,0
BRDA:6,0,20,0
BRDA:6,0,21,0
BRDA:6,0,22,0
BRDA:6,0,23,0
BRDA:6,0,24,0
BRDA:6,0,25,0
BRDA:6,0,26,0
BRDA:6,0,27,0
BRDA:6,0,28,0
BRDA:6,0,29,0
BRDA:6,0,30,0
BRDA:6,0,31,0
BRDA:6,0,32,0
BRDA:6,0,33,0
BRDA:6,0,34,0
BRDA:6,0,35,0
BRDA:6,0,36,0
BRDA:6,0,37,0
BRDA:6,0,38,0
BRDA:6,0,39,0
BRDA:6,0,40,0
BRDA:6,0,41,0
BRDA:6,0,42,0
BRDA:6,0,43,0
BRDA:6,0,44,25
BRDA:6,0,45,24
BRDA:6,0,46,0
BRDA:6,0,47,0
BRDA:6,0,48,0
BRDA:6,0,49,0
BRDA:6,0,50,12
BRDA:6,0,51,12
BRDA:6,0,52,6
BRDA:6,0,53,6
BRDA:6,0,54,3
BRDA:6,0,55,3
BRDA:6,0,56,2
BRDA:6,0,57,1
BRDA:6,0,58,1
BRDA:6,0,59,0
BRDA:6,0,60,0
BRDA:6,0,61,0
BRDA:6,0,62,0
BRDA:6,0,63,0
DA:13,25
BRDA:13,0,0,0
BRDA:13,0,1,0
BRDA:13,0,2,0
BRDA:13,0,3,0
BRDA:13,0,4,0
BRDA:13,0,5,0
BRDA:13,0,6,0
BRDA:13,0,7,0
BRDA:13,0,8,0
BRDA:13,0,9,0
BRDA:13,0,10,0
BRDA:13,0,11,0
BRDA:13,0,12,0
BRDA:13,0,13,0
BRDA:13,0,14,0
BRDA:13,0,15,0
BRDA:13,0,16,0
BRDA:13,0,17,0
BRDA:13,0,18,0
BRDA:13,0,19,0
BRDA:13,0,20,0
BRDA:13,0,21,0
BRDA:13,0,22,0
BRDA:13,0,23,0
BRDA:13,0,24,0
BRDA:13,0,25,0
BRDA:13,0,26,0
BRDA:13,0,27,0
BRDA:13,0,28,0
BRDA:13,0,29,0
BRDA:13,0,30,0
BRDA:13,0,31,0
BRDA:13,0,32,0
BRDA:13,0,33,0
BRDA:13,0,34,0
BRDA:13,0,35,0
BRDA:13,0,36,0
BRDA:13,0,37,0
BRDA:13,0,38,0
BRDA:13,0,39,0
BRDA:13,0,40,0
BRDA:13,0,41,0
BRDA:13,0,42,0
BRDA:13,0,43,0
BRDA:13,0,44,25
BRDA:13,0,45,25
BRDA:13,0,46,0
BRDA:13,0,47,0
BRDA:13,0,48,0
BRDA:13,0,49,0
BRDA:13,0,50,13
BRDA:13,0,51,12
BRDA:13,0,52,6
BRDA:13,0,53,6
BRDA:13,0,54,3
BRDA:13,0,55,3
BRDA:13,0,56,2
BRDA:13,0,57,1
BRDA:13,0,58,1
BRDA:13,0,59,0
BRDA:13,0,60,0
BRDA:13,0,61,0
BRDA:13,0,62,0
BRDA:13,0,63,0
DA:15,403
DA:16,403
DA:17,0
DA:18,403
DA:19,0
DA:20,0
DA:24,51
DA:25,49
BRDA:25,0,0,2
BRDA:25,0,1,49
BRDA:25,0,2,2
BRDA:25,0,3,49
DA:26,2
DA:27,49
DA:28,49
BRF:204
BRH:16
end_of_record
SF:/home/akhilkushe/Desktop/Projects/CPU_scratch/verif/coco_tb/basic_test/../../../hdl/register_file.v
DA:2,10
BRDA:2,0,0,10
BRDA:2,0,1,9
BRDA:2,0,2,8
BRDA:2,0,3,8
BRDA:2,0,4,4
BRDA:2,0,5,4
BRDA:2,0,6,4
BRDA:2,0,7,4
BRDA:2,0,8,4
BRDA:2,0,9,4
BRDA:2,0,10,4
BRDA:2,0,11,4
BRDA:2,0,12,4
BRDA:2,0,13,4
BRDA:2,0,14,4
BRDA:2,0,15,4
BRDA:2,0,16,4
BRDA:2,0,17,4
BRDA:2,0,18,4
BRDA:2,0,19,4
BRDA:2,0,20,4
BRDA:2,0,21,4
BRDA:2,0,22,5
BRDA:2,0,23,5
BRDA:2,0,24,4
BRDA:2,0,25,4
BRDA:2,0,26,4
BRDA:2,0,27,4
BRDA:2,0,28,4
BRDA:2,0,29,4
BRDA:2,0,30,4
BRDA:2,0,31,4
BRDA:2,0,32,4
BRDA:2,0,33,4
BRDA:2,0,34,4
BRDA:2,0,35,4
BRDA:2,0,36,4
BRDA:2,0,37,4
BRDA:2,0,38,4
BRDA:2,0,39,4
BRDA:2,0,40,4
BRDA:2,0,41,4
BRDA:2,0,42,4
BRDA:2,0,43,4
BRDA:2,0,44,5
BRDA:2,0,45,5
BRDA:2,0,46,4
BRDA:2,0,47,4
BRDA:2,0,48,4
BRDA:2,0,49,4
BRDA:2,0,50,5
BRDA:2,0,51,5
BRDA:2,0,52,5
BRDA:2,0,53,5
BRDA:2,0,54,6
BRDA:2,0,55,6
BRDA:2,0,56,3
BRDA:2,0,57,3
BRDA:2,0,58,5
BRDA:2,0,59,5
BRDA:2,0,60,3
BRDA:2,0,61,3
BRDA:2,0,62,4
BRDA:2,0,63,4
DA:3,15
BRDA:3,0,0,14
BRDA:3,0,1,13
BRDA:3,0,2,12
BRDA:3,0,3,11
BRDA:3,0,4,15
BRDA:3,0,5,14
BRDA:3,0,6,11
BRDA:3,0,7,11
BRDA:3,0,8,12
BRDA:3,0,9,12
DA:4,15
BRDA:4,0,0,15
BRDA:4,0,1,15
BRDA:4,0,2,10
BRDA:4,0,3,9
BRDA:4,0,4,12
BRDA:4,0,5,11
BRDA:4,0,6,9
BRDA:4,0,7,8
BRDA:4,0,8,13
BRDA:4,0,9,13
DA:5,15
BRDA:5,0,0,11
BRDA:5,0,1,11
BRDA:5,0,2,13
BRDA:5,0,3,13
BRDA:5,0,4,9
BRDA:5,0,5,9
BRDA:5,0,6,10
BRDA:5,0,7,10
BRDA:5,0,8,15
BRDA:5,0,9,14
DA:6,49
BRDA:6,0,0,1
BRDA:6,0,1,0
BRDA:6,0,2,2
BRDA:6,0,3,1
BRDA:6,0,4,49
BRDA:6,0,5,49
DA:8,5
BRDA:8,0,0,3
BRDA:8,0,1,3
BRDA:8,0,2,5
BRDA:8,0,3,5
BRDA:8,0,4,4
BRDA:8,0,5,4
BRDA:8,0,6,4
BRDA:8,0,7,4
BRDA:8,0,8,4
BRDA:8,0,9,4
BRDA:8,0,10,4
BRDA:8,0,11,4
BRDA:8,0,12,4
BRDA:8,0,13,4
BRDA:8,0,14,4
BRDA:8,0,15,4
BRDA:8,0,16,4
BRDA:8,0,17,4
BRDA:8,0,18,4
BRDA:8,0,19,4
BRDA:8,0,20,4
BRDA:8,0,21,4
BRDA:8,0,22,3
BRDA:8,0,23,3
BRDA:8,0,24,4
BRDA:8,0,25,4
BRDA:8,0,26,4
BRDA:8,0,27,4
BRDA:8,0,28,4
BRDA:8,0,29,4
BRDA:8,0,30,4
BRDA:8,0,31,4
BRDA:8,0,32,4
BRDA:8,0,33,4
BRDA:8,0,34,4
BRDA:8,0,35,4
BRDA:8,0,36,4
BRDA:8,0,37,4
BRDA:8,0,38,4
BRDA:8,0,39,4
BRDA:8,0,40,4
BRDA:8,0,41,4
BRDA:8,0,42,4
BRDA:8,0,43,4
BRDA:8,0,44,2
BRDA:8,0,45,2
BRDA:8,0,46,4
BRDA:8,0,47,4
BRDA:8,0,48,4
BRDA:8,0,49,4
BRDA:8,0,50,4
BRDA:8,0,51,4
BRDA:8,0,52,5
BRDA:8,0,53,5
BRDA:8,0,54,1
BRDA:8,0,55,1
BRDA:8,0,56,0
BRDA:8,0,57,0
BRDA:8,0,58,1
BRDA:8,0,59,1
BRDA:8,0,60,1
BRDA:8,0,61,1
BRDA:8,0,62,1
BRDA:8,0,63,1
DA:9,6
BRDA:9,0,0,4
BRDA:9,0,1,4
BRDA:9,0,2,4
BRDA:9,0,3,4
BRDA:9,0,4,4
BRDA:9,0,5,3
BRDA:9,0,6,4
BRDA:9,0,7,3
BRDA:9,0,8,4
BRDA:9,0,9,3
BRDA:9,0,10,4
BRDA:9,0,11,3
BRDA:9,0,12,4
BRDA:9,0,13,3
BRDA:9,0,14,4
BRDA:9,0,15,3
BRDA:9,0,16,4
BRDA:9,0,17,3
BRDA:9,0,18,4
BRDA:9,0,19,3
BRDA:9,0,20,4
BRDA:9,0,21,3
BRDA:9,0,22,6
BRDA:9,0,23,6
BRDA:9,0,24,4
BRDA:9,0,25,3
BRDA:9,0,26,4
BRDA:9,0,27,3
BRDA:9,0,28,4
BRDA:9,0,29,3
BRDA:9,0,30,4
BRDA:9,0,31,3
BRDA:9,0,32,4
BRDA:9,0,33,3
BRDA:9,0,34,4
BRDA:9,0,35,3
BRDA:9,0,36,4
BRDA:9,0,37,3
BRDA:9,0,38,4
BRDA:9,0,39,3
BRDA:9,0,40,4
BRDA:9,0,41,3
BRDA:9,0,42,4
BRDA:9,0,43,3
BRDA:9,0,44,2
BRDA:9,0,45,2
BRDA:9,0,46,4
BRDA:9,0,47,3
BRDA:9,0,48,4
BRDA:9,0,49,3
BRDA:9,0,50,5
BRDA:9,0,51,5
BRDA:9,0,52,4
BRDA:9,0,53,3
BRDA:9,0,54,3
BRDA:9,0,55,3
BRDA:9,0,56,1
BRDA:9,0,57,1
BRDA:9,0,58,1
BRDA:9,0,59,1
BRDA:9,0,60,1
BRDA:9,0,61,1
BRDA:9,0,62,2
BRDA:9,0,63,2
DA:16,403
DA:17,395
BRDA:17,0,0,8
BRDA:17,0,1,395
BRDA:17,0,2,8
BRDA:17,0,3,395
DA:18,8
DA:19,8
DA:20,395
DA:21,395
BRDA:21,0,0,0
BRDA:21,0,1,395
BRDA:21,0,2,0
BRDA:21,0,3,395
DA:22,0
DA:23,0
DA:24,395
DA:25,395
DA:26,395
DA:50,256
BRDA:50,0,0,256
BRDA:50,0,1,238
DA:51,12896
DA:52,12640
BRDA:52,0,0,256
BRDA:52,0,1,256
BRDA:52,0,2,12640
DA:53,256
DA:54,7616
BRDA:54,0,0,416
BRDA:54,0,1,4864
BRDA:54,0,2,2496
BRDA:54,0,3,4576
BRDA:54,0,4,3936
BRDA:54,0,5,2240
BRDA:54,0,6,4576
BRDA:54,0,7,7616
BRDA:54,0,8,5024
DA:55,7378
BRDA:55,0,0,238
BRDA:55,0,1,7378
DA:56,238
BRF:252
BRH:48
end_of_record
